Using pre-set license
Built from '2021.3/staging' branch; Version is '2021.3.22f1 (b6c551784ba3) revision 11978065'; Using compiler version '192829333'; Build Type 'Release'
OS: 'Windows 11  (10.0.22621) 64bit Professional' Language: 'tr' Physical Memory: 16309 MB
BatchMode: 1, IsHumanControllingUs: 0, StartBugReporterOnCrash: 0, Is64bit: 1, IsPro: 1

COMMAND LINE ARGUMENTS:
C:\Program Files\Unity\Hub\Editor\2021.3.22f1\Editor\Unity.exe
-adb2
-batchMode
-noUpm
-name
AssetImportWorker2
-projectPath
C:/Users/aonde/OneDrive/Masaüstü/BootcampREPO/Hypercasual
-logFile
Logs/AssetImportWorker2.log
-srvPort
61173
Successfully changed project path to: C:/Users/aonde/OneDrive/Masaüstü/BootcampREPO/Hypercasual
C:/Users/aonde/OneDrive/Masaüstü/BootcampREPO/Hypercasual
[UnityMemory] Configuration Parameters - Can be set up in boot.config
    "memorysetup-bucket-allocator-granularity=16"
    "memorysetup-bucket-allocator-bucket-count=8"
    "memorysetup-bucket-allocator-block-size=33554432"
    "memorysetup-bucket-allocator-block-count=8"
    "memorysetup-main-allocator-block-size=16777216"
    "memorysetup-thread-allocator-block-size=16777216"
    "memorysetup-gfx-main-allocator-block-size=16777216"
    "memorysetup-gfx-thread-allocator-block-size=16777216"
    "memorysetup-cache-allocator-block-size=4194304"
    "memorysetup-typetree-allocator-block-size=2097152"
    "memorysetup-profiler-bucket-allocator-granularity=16"
    "memorysetup-profiler-bucket-allocator-bucket-count=8"
    "memorysetup-profiler-bucket-allocator-block-size=33554432"
    "memorysetup-profiler-bucket-allocator-block-count=8"
    "memorysetup-profiler-allocator-block-size=16777216"
    "memorysetup-profiler-editor-allocator-block-size=1048576"
    "memorysetup-temp-allocator-size-main=16777216"
    "memorysetup-job-temp-allocator-block-size=2097152"
    "memorysetup-job-temp-allocator-block-size-background=1048576"
    "memorysetup-job-temp-allocator-reduction-small-platforms=262144"
    "memorysetup-temp-allocator-size-background-worker=32768"
    "memorysetup-temp-allocator-size-job-worker=262144"
    "memorysetup-temp-allocator-size-preload-manager=33554432"
    "memorysetup-temp-allocator-size-nav-mesh-worker=65536"
    "memorysetup-temp-allocator-size-audio-worker=65536"
    "memorysetup-temp-allocator-size-cloud-worker=32768"
    "memorysetup-temp-allocator-size-gi-baking-worker=262144"
    "memorysetup-temp-allocator-size-gfx=262144"
Player connection [4216] Host "[IP] 192.168.1.2 [Port] 0 [Flags] 2 [Guid] 1789951263 [EditorId] 1789951263 [Version] 1048832 [Id] WindowsEditor(7,PalamutPC) [Debug] 1 [PackageName] WindowsEditor [ProjectName] Editor" joined multi-casting on [225.0.0.222:54997]...

Player connection [4216] Host "[IP] 192.168.1.2 [Port] 0 [Flags] 2 [Guid] 1789951263 [EditorId] 1789951263 [Version] 1048832 [Id] WindowsEditor(7,PalamutPC) [Debug] 1 [PackageName] WindowsEditor [ProjectName] Editor" joined alternative multi-casting on [225.0.0.222:34997]...

Refreshing native plugins compatible for Editor in 90.02 ms, found 3 plugins.
Preloading 0 native plugins for Editor in 0.00 ms.
Initialize engine version: 2021.3.22f1 (b6c551784ba3)
[Subsystems] Discovering subsystems at path C:/Program Files/Unity/Hub/Editor/2021.3.22f1/Editor/Data/Resources/UnitySubsystems
[Subsystems] Discovering subsystems at path C:/Users/aonde/OneDrive/Masaüstü/BootcampREPO/Hypercasual/Assets
GfxDevice: creating device client; threaded=0; jobified=0
Direct3D:
    Version:  Direct3D 11.0 [level 11.1]
    Renderer: NVIDIA GeForce RTX 3060 Ti (ID=0x24c9)
    Vendor:   NVIDIA
    VRAM:     8038 MB
    Driver:   31.0.15.3640
Initialize mono
Mono path[0] = 'C:/Program Files/Unity/Hub/Editor/2021.3.22f1/Editor/Data/Managed'
Mono path[1] = 'C:/Program Files/Unity/Hub/Editor/2021.3.22f1/Editor/Data/MonoBleedingEdge/lib/mono/unityjit-win32'
Mono config path = 'C:/Program Files/Unity/Hub/Editor/2021.3.22f1/Editor/Data/MonoBleedingEdge/etc'
Using monoOptions --debugger-agent=transport=dt_socket,embedding=1,server=y,suspend=n,address=127.0.0.1:56320
Begin MonoManager ReloadAssembly
Registering precompiled unity dll's ...
Trying to register platform support module: C:/Program Files/Unity/Hub/Editor/2021.3.22f1/Editor/Data/PlaybackEngines/AndroidPlayer/UnityEditor.Android.Extensions.dll (that doesn't exist). Retrying without overrides.
Platform support module is not available: C:/Program Files/Unity/Hub/Editor/2021.3.22f1/Editor/Data/PlaybackEngines/AndroidPlayer/UnityEditor.Android.Extensions.dll
Register platform support module: C:/Program Files/Unity/Hub/Editor/2021.3.22f1/Editor/Data/PlaybackEngines/WindowsStandaloneSupport/UnityEditor.WindowsStandalone.Extensions.dll
Registered in 0.007640 seconds.
Native extension for WindowsStandalone target not found
Refreshing native plugins compatible for Editor in 92.54 ms, found 3 plugins.
Preloading 0 native plugins for Editor in 0.00 ms.
Mono: successfully reloaded assembly
- Completed reload, in  0.746 seconds
Domain Reload Profiling:
	ReloadAssembly (746ms)
		BeginReloadAssembly (101ms)
			ExecutionOrderSort (0ms)
			DisableScriptedObjects (0ms)
			BackupInstance (0ms)
			ReleaseScriptingObjects (0ms)
			CreateAndSetChildDomain (1ms)
		EndReloadAssembly (525ms)
			LoadAssemblies (98ms)
			RebuildTransferFunctionScriptingTraits (0ms)
			SetupTypeCache (116ms)
			ReleaseScriptCaches (0ms)
			RebuildScriptCaches (29ms)
			SetupLoadedEditorAssemblies (326ms)
				LogAssemblyErrors (0ms)
				InitializePlatformSupportModulesInManaged (8ms)
				SetLoadedEditorAssemblies (0ms)
				RefreshPlugins (93ms)
				BeforeProcessingInitializeOnLoad (2ms)
				ProcessInitializeOnLoadAttributes (165ms)
				ProcessInitializeOnLoadMethodAttributes (59ms)
				AfterProcessingInitializeOnLoad (0ms)
				EditorAssembliesLoaded (0ms)
			ExecutionOrderSort2 (0ms)
			AwakeInstancesAfterBackupRestoration (0ms)
Platform modules already initialized, skipping
Registering precompiled user dll's ...
Registered in 0.006409 seconds.
Begin MonoManager ReloadAssembly
Symbol file LoadedFromMemory doesn't match image C:\Users\aonde\OneDrive\Masaüstü\BootcampREPO\Hypercasual\Library\PackageCache\com.unity.visualscripting@1.8.0\Editor\VisualScripting.Core\Dependencies\YamlDotNet\Unity.VisualScripting.YamlDotNet.dll
Symbol file LoadedFromMemory doesn't match image C:\Users\aonde\OneDrive\Masaüstü\BootcampREPO\Hypercasual\Library\PackageCache\com.unity.visualscripting@1.8.0\Editor\VisualScripting.Core\Dependencies\DotNetZip\Unity.VisualScripting.IonicZip.dll
Native extension for WindowsStandalone target not found
Refreshing native plugins compatible for Editor in 0.57 ms, found 3 plugins.
Preloading 0 native plugins for Editor in 0.00 ms.
Mono: successfully reloaded assembly
- Completed reload, in  1.066 seconds
Domain Reload Profiling:
	ReloadAssembly (1067ms)
		BeginReloadAssembly (128ms)
			ExecutionOrderSort (0ms)
			DisableScriptedObjects (6ms)
			BackupInstance (0ms)
			ReleaseScriptingObjects (0ms)
			CreateAndSetChildDomain (19ms)
		EndReloadAssembly (823ms)
			LoadAssemblies (103ms)
			RebuildTransferFunctionScriptingTraits (0ms)
			SetupTypeCache (268ms)
			ReleaseScriptCaches (1ms)
			RebuildScriptCaches (54ms)
			SetupLoadedEditorAssemblies (372ms)
				LogAssemblyErrors (0ms)
				InitializePlatformSupportModulesInManaged (6ms)
				SetLoadedEditorAssemblies (0ms)
				RefreshPlugins (1ms)
				BeforeProcessingInitializeOnLoad (82ms)
				ProcessInitializeOnLoadAttributes (251ms)
				ProcessInitializeOnLoadMethodAttributes (22ms)
				AfterProcessingInitializeOnLoad (9ms)
				EditorAssembliesLoaded (0ms)
			ExecutionOrderSort2 (0ms)
			AwakeInstancesAfterBackupRestoration (6ms)
Platform modules already initialized, skipping
========================================================================
Worker process is ready to serve import requests
Launched and connected shader compiler UnityShaderCompiler.exe after 0.08 seconds
Refreshing native plugins compatible for Editor in 0.60 ms, found 3 plugins.
Preloading 0 native plugins for Editor in 0.00 ms.
Unloading 3212 Unused Serialized files (Serialized files now loaded: 0)
Unloading 37 unused Assets / (184.1 KB). Loaded Objects now: 3671.
Memory consumption went from 114.1 MB to 113.9 MB.
Total: 3.185300 ms (FindLiveObjects: 0.320400 ms CreateObjectMapping: 0.086000 ms MarkObjects: 2.663000 ms  DeleteObjects: 0.114900 ms)

AssetImportParameters requested are different than current active one (requested -> active):
  custom:video-decoder-ogg-theora: a1e56fd34408186e4bbccfd4996cb3dc -> 
  custom:container-muxer-webm: aa71ff27fc2769a1b78a27578f13a17b -> 
  custom:container-demuxer-webm: 4f35f7cbe854078d1ac9338744f61a02 -> 
  custom:video-encoder-webm-vp8: eb34c28f22e8b96e1ab97ce403110664 -> 
  custom:video-codec-MediaFoundation-h265: 746d11721c4dcdbdad8f713fa42b33f4 -> 
  custom:audio-encoder-webm-vorbis: bf7c407c2cedff20999df2af8eb42d56 -> 
  custom:framework-win-MediaFoundation: 216162199b28c13a410421893ffa2e32 -> 
  custom:container-demuxer-ogg: 62fdf1f143b41e24485cea50d1cbac27 -> 
  custom:video-decoder-webm-vp8: 9c59270c3fd7afecdb556c50c9e8de78 -> 
  custom:audio-decoder-ogg-vorbis: bf7c407c2cedff20999df2af8eb42d56 -> 
========================================================================
Received Import Request.
  Time since last request: 167129.237247 seconds.
  path: Assets/Pandazole_Ultimate_Pack
  artifactKey: Guid(07abdca3af9b4044cba226b44f0154de) Importer(815301076,1909f56bfc062723c751e8b465ee728b)
Start importing Assets/Pandazole_Ultimate_Pack using Guid(07abdca3af9b4044cba226b44f0154de) Importer(815301076,1909f56bfc062723c751e8b465ee728b)  -> (artifact id: 'e01e771eca4f6ef74014f721a3332fb6') in 0.015825 seconds 
========================================================================
Received Import Request.
  Time since last request: 1.394273 seconds.
  path: Assets/Pandazole_Ultimate_Pack/Pandazole Simple Game Pack
  artifactKey: Guid(8677e65f11aa1dd4cb37ce1eaea3a218) Importer(815301076,1909f56bfc062723c751e8b465ee728b)
Start importing Assets/Pandazole_Ultimate_Pack/Pandazole Simple Game Pack using Guid(8677e65f11aa1dd4cb37ce1eaea3a218) Importer(815301076,1909f56bfc062723c751e8b465ee728b)  -> (artifact id: '69959c1a4b8c510c3ee7ebcf4be9694e') in 0.012157 seconds 
========================================================================
Received Import Request.
  Time since last request: 0.916340 seconds.
  path: Assets/Pandazole_Ultimate_Pack/Pandazole Simple Game Pack/Models
  artifactKey: Guid(b2f079da43eaea84f8bed4fc5692e02b) Importer(815301076,1909f56bfc062723c751e8b465ee728b)
Start importing Assets/Pandazole_Ultimate_Pack/Pandazole Simple Game Pack/Models using Guid(b2f079da43eaea84f8bed4fc5692e02b) Importer(815301076,1909f56bfc062723c751e8b465ee728b)  -> (artifact id: '8abf81b232ff8395bab29065eaa66e74') in 0.002550 seconds 
========================================================================
Received Import Request.
  Time since last request: 0.070819 seconds.
  path: Assets/Pandazole_Ultimate_Pack/Pandazole Simple Game Pack/Models/Arrow_01.fbx
  artifactKey: Guid(1ebba8cd208d86e47a901cf6f3162955) Importer(815301076,1909f56bfc062723c751e8b465ee728b)
Start importing Assets/Pandazole_Ultimate_Pack/Pandazole Simple Game Pack/Models/Arrow_01.fbx using Guid(1ebba8cd208d86e47a901cf6f3162955) Importer(815301076,1909f56bfc062723c751e8b465ee728b)  -> (artifact id: 'ac49fe8e6d222ef659d64060c38b9bd5') in 0.197031 seconds 
========================================================================
Received Import Request.
  Time since last request: 0.000027 seconds.
  path: Assets/Pandazole_Ultimate_Pack/Pandazole Simple Game Pack/Models/Prop_Table_01.fbx
  artifactKey: Guid(7a226f96213c0ce4784f40a9abc769cd) Importer(815301076,1909f56bfc062723c751e8b465ee728b)
Start importing Assets/Pandazole_Ultimate_Pack/Pandazole Simple Game Pack/Models/Prop_Table_01.fbx using Guid(7a226f96213c0ce4784f40a9abc769cd) Importer(815301076,1909f56bfc062723c751e8b465ee728b)  -> (artifact id: '8fe76435e9cdc116369b3bbc296ffeb9') in 0.028841 seconds 
========================================================================
Received Import Request.
  Time since last request: 0.000037 seconds.
  path: Assets/Pandazole_Ultimate_Pack/Pandazole Simple Game Pack/Models/Food_Carrot.fbx
  artifactKey: Guid(fccf9e7ae152f2a48aac67ef894d2aaa) Importer(815301076,1909f56bfc062723c751e8b465ee728b)
Start importing Assets/Pandazole_Ultimate_Pack/Pandazole Simple Game Pack/Models/Food_Carrot.fbx using Guid(fccf9e7ae152f2a48aac67ef894d2aaa) Importer(815301076,1909f56bfc062723c751e8b465ee728b)  -> (artifact id: '836dd4d31d06bd84cd12d39d3984c5a9') in 0.031056 seconds 
========================================================================
Received Import Request.
  Time since last request: 0.000031 seconds.
  path: Assets/Pandazole_Ultimate_Pack/Pandazole Simple Game Pack/Models/Env_Road_Straight_01.fbx
  artifactKey: Guid(34cabff288773bd40b93510a9dc44f2c) Importer(815301076,1909f56bfc062723c751e8b465ee728b)
Start importing Assets/Pandazole_Ultimate_Pack/Pandazole Simple Game Pack/Models/Env_Road_Straight_01.fbx using Guid(34cabff288773bd40b93510a9dc44f2c) Importer(815301076,1909f56bfc062723c751e8b465ee728b)  -> (artifact id: '07667f866e2af722829593fc94752858') in 0.030872 seconds 
========================================================================
Received Import Request.
  Time since last request: 0.000033 seconds.
  path: Assets/Pandazole_Ultimate_Pack/Pandazole Simple Game Pack/Models/Prop_Bush_01.fbx
  artifactKey: Guid(7563a37d63d771e429e90ed025722dc2) Importer(815301076,1909f56bfc062723c751e8b465ee728b)
Start importing Assets/Pandazole_Ultimate_Pack/Pandazole Simple Game Pack/Models/Prop_Bush_01.fbx using Guid(7563a37d63d771e429e90ed025722dc2) Importer(815301076,1909f56bfc062723c751e8b465ee728b)  -> (artifact id: '4f9c4cea316ec6ba310580e0dd605318') in 0.024691 seconds 
========================================================================
Received Import Request.
  Time since last request: 0.000035 seconds.
  path: Assets/Pandazole_Ultimate_Pack/Pandazole Simple Game Pack/Models/Prop_ModernTV.fbx
  artifactKey: Guid(c20b722c558655d44a12c7d237e63692) Importer(815301076,1909f56bfc062723c751e8b465ee728b)
Start importing Assets/Pandazole_Ultimate_Pack/Pandazole Simple Game Pack/Models/Prop_ModernTV.fbx using Guid(c20b722c558655d44a12c7d237e63692) Importer(815301076,1909f56bfc062723c751e8b465ee728b)  -> (artifact id: 'eda09e04829327d17a7bbcb7ef579e0a') in 0.030276 seconds 
========================================================================
Received Import Request.
  Time since last request: 0.000038 seconds.
  path: Assets/Pandazole_Ultimate_Pack/Pandazole Simple Game Pack/Models/GroundBase_01.fbx
  artifactKey: Guid(3dd1fbaaf9e3d7940b8b3fb487ea631a) Importer(815301076,1909f56bfc062723c751e8b465ee728b)
Start importing Assets/Pandazole_Ultimate_Pack/Pandazole Simple Game Pack/Models/GroundBase_01.fbx using Guid(3dd1fbaaf9e3d7940b8b3fb487ea631a) Importer(815301076,1909f56bfc062723c751e8b465ee728b)  -> (artifact id: '61d830f9848a1ed3bdbdce88205f2b51') in 0.028337 seconds 
========================================================================
Received Import Request.
  Time since last request: 0.000032 seconds.
  path: Assets/Pandazole_Ultimate_Pack/Pandazole Simple Game Pack/Models/Prop_WallShelf_01.fbx
  artifactKey: Guid(41e5a221efa7cc34d8487440b907dd64) Importer(815301076,1909f56bfc062723c751e8b465ee728b)
Start importing Assets/Pandazole_Ultimate_Pack/Pandazole Simple Game Pack/Models/Prop_WallShelf_01.fbx using Guid(41e5a221efa7cc34d8487440b907dd64) Importer(815301076,1909f56bfc062723c751e8b465ee728b)  -> (artifact id: 'a0c7b6e579657c817c268489afd7be4e') in 0.027840 seconds 
========================================================================
Received Import Request.
  Time since last request: 0.000030 seconds.
  path: Assets/Pandazole_Ultimate_Pack/Pandazole Simple Game Pack/Models/Prop_Tree_04.fbx
  artifactKey: Guid(20d5a97e912fb604ba98950bb35ef43b) Importer(815301076,1909f56bfc062723c751e8b465ee728b)
Start importing Assets/Pandazole_Ultimate_Pack/Pandazole Simple Game Pack/Models/Prop_Tree_04.fbx using Guid(20d5a97e912fb604ba98950bb35ef43b) Importer(815301076,1909f56bfc062723c751e8b465ee728b)  -> (artifact id: '417b40d61505f221a98e9098d63eab34') in 0.024493 seconds 
========================================================================
Received Import Request.
  Time since last request: 0.000043 seconds.
  path: Assets/Pandazole_Ultimate_Pack/Pandazole Simple Game Pack/Models/Prop_Table_01.001.fbx
  artifactKey: Guid(784bec835ec715a4591e19a3c5a67f8c) Importer(815301076,1909f56bfc062723c751e8b465ee728b)
Start importing Assets/Pandazole_Ultimate_Pack/Pandazole Simple Game Pack/Models/Prop_Table_01.001.fbx using Guid(784bec835ec715a4591e19a3c5a67f8c) Importer(815301076,1909f56bfc062723c751e8b465ee728b)  -> (artifact id: 'b54e08ff2d2c54a07a9c4923c5ff3028') in 0.028764 seconds 
========================================================================
Received Import Request.
  Time since last request: 0.000023 seconds.
  path: Assets/Pandazole_Ultimate_Pack/Pandazole Simple Game Pack/Models/Prop_StreetSign_Speed_30.fbx
  artifactKey: Guid(23491dc8b8ea2334b8387495e8f0612b) Importer(815301076,1909f56bfc062723c751e8b465ee728b)
Start importing Assets/Pandazole_Ultimate_Pack/Pandazole Simple Game Pack/Models/Prop_StreetSign_Speed_30.fbx using Guid(23491dc8b8ea2334b8387495e8f0612b) Importer(815301076,1909f56bfc062723c751e8b465ee728b)  -> (artifact id: 'bcfc0d0a9bf121c3aa2b198b6cf57651') in 0.029263 seconds 
========================================================================
Received Import Request.
  Time since last request: 0.000021 seconds.
  path: Assets/Pandazole_Ultimate_Pack/Pandazole Simple Game Pack/Models/Prop_TrashBag_01.fbx
  artifactKey: Guid(0ac6cbe4ec75dbd439f82cbb57b6187e) Importer(815301076,1909f56bfc062723c751e8b465ee728b)
Start importing Assets/Pandazole_Ultimate_Pack/Pandazole Simple Game Pack/Models/Prop_TrashBag_01.fbx using Guid(0ac6cbe4ec75dbd439f82cbb57b6187e) Importer(815301076,1909f56bfc062723c751e8b465ee728b)  -> (artifact id: '6efebc08808ae822d105cb3a8ca3aed5') in 0.022313 seconds 
========================================================================
Received Import Request.
  Time since last request: 6.369931 seconds.
  path: Assets/Pandazole_Ultimate_Pack/Pandazole Simple Game Pack/Models/Demos
  artifactKey: Guid(beff6f30f88b2cd418dfc97548dc9051) Importer(815301076,1909f56bfc062723c751e8b465ee728b)
Start importing Assets/Pandazole_Ultimate_Pack/Pandazole Simple Game Pack/Models/Demos using Guid(beff6f30f88b2cd418dfc97548dc9051) Importer(815301076,1909f56bfc062723c751e8b465ee728b)  -> (artifact id: 'bf1bfe98a719d176225b0e6f3659cbf1') in 0.010626 seconds 
