Using pre-set license
Built from '2021.3/staging' branch; Version is '2021.3.16f1 (4016570cf34f) revision 4200023'; Using compiler version '192829333'; Build Type 'Release'
OS: 'Windows 11  (10.0.22621) 64bit Professional' Language: 'tr' Physical Memory: 16163 MB
BatchMode: 1, IsHumanControllingUs: 0, StartBugReporterOnCrash: 0, Is64bit: 1, IsPro: 1

COMMAND LINE ARGUMENTS:
C:\Program Files\Unity\Hub\Editor\2021.3.16f1\Editor\Unity.exe
-adb2
-batchMode
-noUpm
-name
AssetImportWorker3
-projectPath
C:/Users/dlara/OneDrive/Masaüstü/BootcampREPO/Hypercasual
-logFile
Logs/AssetImportWorker3.log
-srvPort
<<<<<<< Updated upstream
57775
=======
49332
>>>>>>> Stashed changes
Successfully changed project path to: C:/Users/dlara/OneDrive/Masaüstü/BootcampREPO/Hypercasual
C:/Users/dlara/OneDrive/Masaüstü/BootcampREPO/Hypercasual
[UnityMemory] Configuration Parameters - Can be set up in boot.config
    "memorysetup-bucket-allocator-granularity=16"
    "memorysetup-bucket-allocator-bucket-count=8"
    "memorysetup-bucket-allocator-block-size=33554432"
    "memorysetup-bucket-allocator-block-count=8"
    "memorysetup-main-allocator-block-size=16777216"
    "memorysetup-thread-allocator-block-size=16777216"
    "memorysetup-gfx-main-allocator-block-size=16777216"
    "memorysetup-gfx-thread-allocator-block-size=16777216"
    "memorysetup-cache-allocator-block-size=4194304"
    "memorysetup-typetree-allocator-block-size=2097152"
    "memorysetup-profiler-bucket-allocator-granularity=16"
    "memorysetup-profiler-bucket-allocator-bucket-count=8"
    "memorysetup-profiler-bucket-allocator-block-size=33554432"
    "memorysetup-profiler-bucket-allocator-block-count=8"
    "memorysetup-profiler-allocator-block-size=16777216"
    "memorysetup-profiler-editor-allocator-block-size=1048576"
    "memorysetup-temp-allocator-size-main=16777216"
    "memorysetup-job-temp-allocator-block-size=2097152"
    "memorysetup-job-temp-allocator-block-size-background=1048576"
    "memorysetup-job-temp-allocator-reduction-small-platforms=262144"
    "memorysetup-temp-allocator-size-background-worker=32768"
    "memorysetup-temp-allocator-size-job-worker=262144"
    "memorysetup-temp-allocator-size-preload-manager=33554432"
    "memorysetup-temp-allocator-size-nav-mesh-worker=65536"
    "memorysetup-temp-allocator-size-audio-worker=65536"
    "memorysetup-temp-allocator-size-cloud-worker=32768"
    "memorysetup-temp-allocator-size-gi-baking-worker=262144"
    "memorysetup-temp-allocator-size-gfx=262144"
<<<<<<< Updated upstream
Player connection [7132] Host "[IP] 192.168.0.106 [Port] 0 [Flags] 2 [Guid] 2710707624 [EditorId] 2710707624 [Version] 1048832 [Id] WindowsEditor(7,Dilara) [Debug] 1 [PackageName] WindowsEditor [ProjectName] Editor" joined multi-casting on [225.0.0.222:54997]...

Player connection [7132] Host "[IP] 192.168.0.106 [Port] 0 [Flags] 2 [Guid] 2710707624 [EditorId] 2710707624 [Version] 1048832 [Id] WindowsEditor(7,Dilara) [Debug] 1 [PackageName] WindowsEditor [ProjectName] Editor" joined alternative multi-casting on [225.0.0.222:34997]...

Refreshing native plugins compatible for Editor in 85.68 ms, found 3 plugins.
=======
Player connection [14664] Host "[IP] 192.168.0.106 [Port] 0 [Flags] 2 [Guid] 1749440649 [EditorId] 1749440649 [Version] 1048832 [Id] WindowsEditor(7,Dilara) [Debug] 1 [PackageName] WindowsEditor [ProjectName] Editor" joined multi-casting on [225.0.0.222:54997]...

Player connection [14664] Host "[IP] 192.168.0.106 [Port] 0 [Flags] 2 [Guid] 1749440649 [EditorId] 1749440649 [Version] 1048832 [Id] WindowsEditor(7,Dilara) [Debug] 1 [PackageName] WindowsEditor [ProjectName] Editor" joined alternative multi-casting on [225.0.0.222:34997]...

Refreshing native plugins compatible for Editor in 86.11 ms, found 3 plugins.
>>>>>>> Stashed changes
Preloading 0 native plugins for Editor in 0.00 ms.
Initialize engine version: 2021.3.16f1 (4016570cf34f)
[Subsystems] Discovering subsystems at path C:/Program Files/Unity/Hub/Editor/2021.3.16f1/Editor/Data/Resources/UnitySubsystems
[Subsystems] Discovering subsystems at path C:/Users/dlara/OneDrive/Masaüstü/BootcampREPO/Hypercasual/Assets
GfxDevice: creating device client; threaded=0; jobified=0
Direct3D:
    Version:  Direct3D 11.0 [level 11.1]
    Renderer: NVIDIA GeForce RTX 3050 Ti Laptop GPU (ID=0x25a0)
    Vendor:   NVIDIA
    VRAM:     3976 MB
    Driver:   31.0.15.3161
Initialize mono
Mono path[0] = 'C:/Program Files/Unity/Hub/Editor/2021.3.16f1/Editor/Data/Managed'
Mono path[1] = 'C:/Program Files/Unity/Hub/Editor/2021.3.16f1/Editor/Data/MonoBleedingEdge/lib/mono/unityjit-win32'
Mono config path = 'C:/Program Files/Unity/Hub/Editor/2021.3.16f1/Editor/Data/MonoBleedingEdge/etc'
<<<<<<< Updated upstream
Using monoOptions --debugger-agent=transport=dt_socket,embedding=1,server=y,suspend=n,address=127.0.0.1:56872
Begin MonoManager ReloadAssembly
Registering precompiled unity dll's ...
Register platform support module: C:/Program Files/Unity/Hub/Editor/2021.3.16f1/Editor/Data/PlaybackEngines/WindowsStandaloneSupport/UnityEditor.WindowsStandalone.Extensions.dll
Registered in 0.003892 seconds.
Native extension for WindowsStandalone target not found
Refreshing native plugins compatible for Editor in 79.79 ms, found 3 plugins.
Preloading 0 native plugins for Editor in 0.00 ms.
Mono: successfully reloaded assembly
- Completed reload, in  0.666 seconds
Domain Reload Profiling:
	ReloadAssembly (666ms)
		BeginReloadAssembly (74ms)
=======
Using monoOptions --debugger-agent=transport=dt_socket,embedding=1,server=y,suspend=n,address=127.0.0.1:56752
Begin MonoManager ReloadAssembly
Registering precompiled unity dll's ...
Register platform support module: C:/Program Files/Unity/Hub/Editor/2021.3.16f1/Editor/Data/PlaybackEngines/WindowsStandaloneSupport/UnityEditor.WindowsStandalone.Extensions.dll
Registered in 0.002887 seconds.
Native extension for WindowsStandalone target not found
Refreshing native plugins compatible for Editor in 58.83 ms, found 3 plugins.
Preloading 0 native plugins for Editor in 0.00 ms.
Mono: successfully reloaded assembly
- Completed reload, in  0.466 seconds
Domain Reload Profiling:
	ReloadAssembly (466ms)
		BeginReloadAssembly (53ms)
>>>>>>> Stashed changes
			ExecutionOrderSort (0ms)
			DisableScriptedObjects (0ms)
			BackupInstance (0ms)
			ReleaseScriptingObjects (0ms)
			CreateAndSetChildDomain (1ms)
<<<<<<< Updated upstream
		EndReloadAssembly (469ms)
			LoadAssemblies (72ms)
			RebuildTransferFunctionScriptingTraits (0ms)
			SetupTypeCache (131ms)
			ReleaseScriptCaches (0ms)
			RebuildScriptCaches (38ms)
			SetupLoadedEditorAssemblies (238ms)
				LogAssemblyErrors (0ms)
				InitializePlatformSupportModulesInManaged (7ms)
				SetLoadedEditorAssemblies (0ms)
				RefreshPlugins (80ms)
				BeforeProcessingInitializeOnLoad (2ms)
				ProcessInitializeOnLoadAttributes (108ms)
				ProcessInitializeOnLoadMethodAttributes (41ms)
=======
		EndReloadAssembly (331ms)
			LoadAssemblies (52ms)
			RebuildTransferFunctionScriptingTraits (0ms)
			SetupTypeCache (78ms)
			ReleaseScriptCaches (0ms)
			RebuildScriptCaches (22ms)
			SetupLoadedEditorAssemblies (193ms)
				LogAssemblyErrors (0ms)
				InitializePlatformSupportModulesInManaged (6ms)
				SetLoadedEditorAssemblies (0ms)
				RefreshPlugins (59ms)
				BeforeProcessingInitializeOnLoad (1ms)
				ProcessInitializeOnLoadAttributes (92ms)
				ProcessInitializeOnLoadMethodAttributes (35ms)
>>>>>>> Stashed changes
				AfterProcessingInitializeOnLoad (0ms)
				EditorAssembliesLoaded (0ms)
			ExecutionOrderSort2 (0ms)
			AwakeInstancesAfterBackupRestoration (0ms)
Platform modules already initialized, skipping
Registering precompiled user dll's ...
<<<<<<< Updated upstream
Registered in 0.003439 seconds.
Begin MonoManager ReloadAssembly
Native extension for WindowsStandalone target not found
Refreshing native plugins compatible for Editor in 0.71 ms, found 3 plugins.
Preloading 0 native plugins for Editor in 0.00 ms.
Mono: successfully reloaded assembly
- Completed reload, in  1.050 seconds
Domain Reload Profiling:
	ReloadAssembly (1051ms)
		BeginReloadAssembly (91ms)
=======
Registered in 0.002875 seconds.
Begin MonoManager ReloadAssembly
Native extension for WindowsStandalone target not found
Refreshing native plugins compatible for Editor in 0.48 ms, found 3 plugins.
Preloading 0 native plugins for Editor in 0.00 ms.
Mono: successfully reloaded assembly
- Completed reload, in  0.752 seconds
Domain Reload Profiling:
	ReloadAssembly (753ms)
		BeginReloadAssembly (81ms)
>>>>>>> Stashed changes
			ExecutionOrderSort (0ms)
			DisableScriptedObjects (4ms)
			BackupInstance (0ms)
			ReleaseScriptingObjects (0ms)
<<<<<<< Updated upstream
			CreateAndSetChildDomain (21ms)
		EndReloadAssembly (862ms)
			LoadAssemblies (66ms)
			RebuildTransferFunctionScriptingTraits (0ms)
			SetupTypeCache (291ms)
			ReleaseScriptCaches (1ms)
			RebuildScriptCaches (56ms)
			SetupLoadedEditorAssemblies (376ms)
				LogAssemblyErrors (0ms)
				InitializePlatformSupportModulesInManaged (7ms)
				SetLoadedEditorAssemblies (0ms)
				RefreshPlugins (1ms)
				BeforeProcessingInitializeOnLoad (80ms)
				ProcessInitializeOnLoadAttributes (257ms)
				ProcessInitializeOnLoadMethodAttributes (27ms)
				AfterProcessingInitializeOnLoad (4ms)
				EditorAssembliesLoaded (0ms)
			ExecutionOrderSort2 (0ms)
			AwakeInstancesAfterBackupRestoration (6ms)
Platform modules already initialized, skipping
========================================================================
Worker process is ready to serve import requests
Launched and connected shader compiler UnityShaderCompiler.exe after 0.05 seconds
Refreshing native plugins compatible for Editor in 1.04 ms, found 3 plugins.
Preloading 0 native plugins for Editor in 0.00 ms.
Unloading 3056 Unused Serialized files (Serialized files now loaded: 0)
Unloading 24 unused Assets / (113.5 KB). Loaded Objects now: 3517.
Memory consumption went from 108.9 MB to 108.8 MB.
Total: 2.818200 ms (FindLiveObjects: 0.223100 ms CreateObjectMapping: 0.096100 ms MarkObjects: 2.396600 ms  DeleteObjects: 0.101400 ms)
=======
			CreateAndSetChildDomain (16ms)
		EndReloadAssembly (583ms)
			LoadAssemblies (57ms)
			RebuildTransferFunctionScriptingTraits (0ms)
			SetupTypeCache (191ms)
			ReleaseScriptCaches (0ms)
			RebuildScriptCaches (38ms)
			SetupLoadedEditorAssemblies (264ms)
				LogAssemblyErrors (0ms)
				InitializePlatformSupportModulesInManaged (4ms)
				SetLoadedEditorAssemblies (1ms)
				RefreshPlugins (1ms)
				BeforeProcessingInitializeOnLoad (64ms)
				ProcessInitializeOnLoadAttributes (177ms)
				ProcessInitializeOnLoadMethodAttributes (14ms)
				AfterProcessingInitializeOnLoad (4ms)
				EditorAssembliesLoaded (0ms)
			ExecutionOrderSort2 (0ms)
			AwakeInstancesAfterBackupRestoration (4ms)
Platform modules already initialized, skipping
========================================================================
Worker process is ready to serve import requests
Launched and connected shader compiler UnityShaderCompiler.exe after 0.04 seconds
Refreshing native plugins compatible for Editor in 0.47 ms, found 3 plugins.
Preloading 0 native plugins for Editor in 0.00 ms.
Unloading 3049 Unused Serialized files (Serialized files now loaded: 0)
Unloading 24 unused Assets / (113.9 KB). Loaded Objects now: 3511.
Memory consumption went from 108.5 MB to 108.4 MB.
Total: 2.337100 ms (FindLiveObjects: 0.211300 ms CreateObjectMapping: 0.065100 ms MarkObjects: 1.955700 ms  DeleteObjects: 0.103400 ms)
>>>>>>> Stashed changes

AssetImportParameters requested are different than current active one (requested -> active):
  custom:video-decoder-ogg-theora: a1e56fd34408186e4bbccfd4996cb3dc -> 
  custom:container-muxer-webm: aa71ff27fc2769a1b78a27578f13a17b -> 
  custom:container-demuxer-webm: 4f35f7cbe854078d1ac9338744f61a02 -> 
  custom:video-encoder-webm-vp8: eb34c28f22e8b96e1ab97ce403110664 -> 
  custom:video-codec-MediaFoundation-h265: 746d11721c4dcdbdad8f713fa42b33f4 -> 
  custom:audio-encoder-webm-vorbis: bf7c407c2cedff20999df2af8eb42d56 -> 
  custom:framework-win-MediaFoundation: 216162199b28c13a410421893ffa2e32 -> 
  custom:container-demuxer-ogg: 62fdf1f143b41e24485cea50d1cbac27 -> 
  custom:video-decoder-webm-vp8: 9c59270c3fd7afecdb556c50c9e8de78 -> 
  custom:audio-decoder-ogg-vorbis: bf7c407c2cedff20999df2af8eb42d56 -> 
========================================================================
Received Import Request.
<<<<<<< Updated upstream
  Time since last request: 2580964.181403 seconds.
  path: Assets/SimpleCollectiblesPack/Materials/Collectibles 3.mat
  artifactKey: Guid(0c2ab8410951b5042955598cca68a2a0) Importer(815301076,1909f56bfc062723c751e8b465ee728b)
Start importing Assets/SimpleCollectiblesPack/Materials/Collectibles 3.mat using Guid(0c2ab8410951b5042955598cca68a2a0) Importer(815301076,1909f56bfc062723c751e8b465ee728b)  -> (artifact id: '9b98a812df0bf38a451e13642d18edd0') in 0.304288 seconds 
========================================================================
Received Import Request.
  Time since last request: 34.127618 seconds.
  path: Assets/Cainos/Pixel Art Top Down - Basic/Material/MT Sprite.mat
  artifactKey: Guid(a9f84881abde25b48904c0ff67bca145) Importer(815301076,1909f56bfc062723c751e8b465ee728b)
Start importing Assets/Cainos/Pixel Art Top Down - Basic/Material/MT Sprite.mat using Guid(a9f84881abde25b48904c0ff67bca145) Importer(815301076,1909f56bfc062723c751e8b465ee728b)  -> (artifact id: 'a8ea39dcdf55bb0d682fc75dab3f4226') in 0.049850 seconds 
========================================================================
Received Import Request.
  Time since last request: 29.079466 seconds.
  path: Assets/Cainos/Pixel Art Top Down - Basic/Prefab/Plant/PF Grass B.prefab
  artifactKey: Guid(2d546d2d8b016864ab41e2185c250eb5) Importer(815301076,1909f56bfc062723c751e8b465ee728b)
Start importing Assets/Cainos/Pixel Art Top Down - Basic/Prefab/Plant/PF Grass B.prefab using Guid(2d546d2d8b016864ab41e2185c250eb5) Importer(815301076,1909f56bfc062723c751e8b465ee728b)  -> (artifact id: '9977fb6c3edd46af13ae52225b740b8e') in 0.059405 seconds 
========================================================================
Received Import Request.
  Time since last request: 0.000024 seconds.
  path: Assets/Cainos/Pixel Art Top Down - Basic/Prefab/Plant/PF Grass O.prefab
  artifactKey: Guid(bf462882706828c44a4465986b6fb8d2) Importer(815301076,1909f56bfc062723c751e8b465ee728b)
Start importing Assets/Cainos/Pixel Art Top Down - Basic/Prefab/Plant/PF Grass O.prefab using Guid(bf462882706828c44a4465986b6fb8d2) Importer(815301076,1909f56bfc062723c751e8b465ee728b)  -> (artifact id: '713847b491fcae43934ff98d9bc06bb1') in 0.023281 seconds 
========================================================================
Received Import Request.
  Time since last request: 0.000019 seconds.
  path: Assets/Cainos/Pixel Art Top Down - Basic/Prefab/Plant/PF Grass M.prefab
  artifactKey: Guid(c5c395a83c3338d46bd52e936cf46245) Importer(815301076,1909f56bfc062723c751e8b465ee728b)
Start importing Assets/Cainos/Pixel Art Top Down - Basic/Prefab/Plant/PF Grass M.prefab using Guid(c5c395a83c3338d46bd52e936cf46245) Importer(815301076,1909f56bfc062723c751e8b465ee728b)  -> (artifact id: 'b17038ff3caa8ae1f0e5b41dab79879f') in 0.029307 seconds 
========================================================================
Received Import Request.
  Time since last request: 0.000033 seconds.
  path: Assets/Cainos/Pixel Art Top Down - Basic/Prefab/Plant/PF Props Bush T4.prefab
  artifactKey: Guid(4bd7b41600416b54395bf9936a05dc8e) Importer(815301076,1909f56bfc062723c751e8b465ee728b)
Start importing Assets/Cainos/Pixel Art Top Down - Basic/Prefab/Plant/PF Props Bush T4.prefab using Guid(4bd7b41600416b54395bf9936a05dc8e) Importer(815301076,1909f56bfc062723c751e8b465ee728b)  -> (artifact id: '12f3c5dec795dcfbd0d292e2859b467e') in 0.054534 seconds 
========================================================================
Received Import Request.
  Time since last request: 0.000023 seconds.
  path: Assets/Cainos/Pixel Art Top Down - Basic/Prefab/Plant/PF Grass F.prefab
  artifactKey: Guid(84d669757910f1f488023c92e71fcad5) Importer(815301076,1909f56bfc062723c751e8b465ee728b)
Start importing Assets/Cainos/Pixel Art Top Down - Basic/Prefab/Plant/PF Grass F.prefab using Guid(84d669757910f1f488023c92e71fcad5) Importer(815301076,1909f56bfc062723c751e8b465ee728b)  -> (artifact id: '88e5ef7fef5b91c42545cb8ac7a944ec') in 0.022181 seconds 
========================================================================
Received Import Request.
  Time since last request: 0.000036 seconds.
  path: Assets/Cainos/Pixel Art Top Down - Basic/Prefab/Plant/PF Props Bush T1.prefab
  artifactKey: Guid(a0a71fda412ad0941ab44f1732ea4c1e) Importer(815301076,1909f56bfc062723c751e8b465ee728b)
Start importing Assets/Cainos/Pixel Art Top Down - Basic/Prefab/Plant/PF Props Bush T1.prefab using Guid(a0a71fda412ad0941ab44f1732ea4c1e) Importer(815301076,1909f56bfc062723c751e8b465ee728b)  -> (artifact id: '9e5cf6287125461ec0b049a8cd647e47') in 0.027403 seconds 
========================================================================
Received Import Request.
  Time since last request: 0.000035 seconds.
  path: Assets/Cainos/Pixel Art Top Down - Basic/Prefab/Plant/PF Props Bush T3.prefab
  artifactKey: Guid(0505844a909d2ea4996c19b67b2a40b9) Importer(815301076,1909f56bfc062723c751e8b465ee728b)
Start importing Assets/Cainos/Pixel Art Top Down - Basic/Prefab/Plant/PF Props Bush T3.prefab using Guid(0505844a909d2ea4996c19b67b2a40b9) Importer(815301076,1909f56bfc062723c751e8b465ee728b)  -> (artifact id: '5e430c87e6069e264efe1907a726ff98') in 0.030044 seconds 
========================================================================
Received Import Request.
  Time since last request: 0.000023 seconds.
  path: Assets/Cainos/Pixel Art Top Down - Basic/Prefab/Plant/PF Props Tree T1.prefab
  artifactKey: Guid(f681a54372d73d74785b9c9d4ac477e8) Importer(815301076,1909f56bfc062723c751e8b465ee728b)
Start importing Assets/Cainos/Pixel Art Top Down - Basic/Prefab/Plant/PF Props Tree T1.prefab using Guid(f681a54372d73d74785b9c9d4ac477e8) Importer(815301076,1909f56bfc062723c751e8b465ee728b)  -> (artifact id: 'cbad1fc6605d6ba578d5127d38378de2') in 0.020699 seconds 
========================================================================
Received Prepare
Registering precompiled user dll's ...
Registered in 0.002923 seconds.
Begin MonoManager ReloadAssembly
Native extension for WindowsStandalone target not found
Refreshing native plugins compatible for Editor in 0.60 ms, found 3 plugins.
Preloading 0 native plugins for Editor in 0.00 ms.
Mono: successfully reloaded assembly
- Completed reload, in  0.936 seconds
Domain Reload Profiling:
	ReloadAssembly (936ms)
		BeginReloadAssembly (122ms)
			ExecutionOrderSort (0ms)
			DisableScriptedObjects (5ms)
			BackupInstance (0ms)
			ReleaseScriptingObjects (0ms)
			CreateAndSetChildDomain (38ms)
		EndReloadAssembly (714ms)
			LoadAssemblies (68ms)
			RebuildTransferFunctionScriptingTraits (0ms)
			SetupTypeCache (292ms)
			ReleaseScriptCaches (2ms)
			RebuildScriptCaches (46ms)
			SetupLoadedEditorAssemblies (255ms)
				LogAssemblyErrors (0ms)
				InitializePlatformSupportModulesInManaged (13ms)
				SetLoadedEditorAssemblies (0ms)
				RefreshPlugins (1ms)
				BeforeProcessingInitializeOnLoad (61ms)
				ProcessInitializeOnLoadAttributes (158ms)
				ProcessInitializeOnLoadMethodAttributes (17ms)
				AfterProcessingInitializeOnLoad (4ms)
				EditorAssembliesLoaded (0ms)
			ExecutionOrderSort2 (0ms)
			AwakeInstancesAfterBackupRestoration (5ms)
Platform modules already initialized, skipping
Refreshing native plugins compatible for Editor in 1.25 ms, found 3 plugins.
Preloading 0 native plugins for Editor in 0.00 ms.
Unloading 3044 Unused Serialized files (Serialized files now loaded: 0)
Unloading 22 unused Assets / (79.8 KB). Loaded Objects now: 3556.
Memory consumption went from 113.1 MB to 113.1 MB.
Total: 2.475600 ms (FindLiveObjects: 0.194400 ms CreateObjectMapping: 0.081100 ms MarkObjects: 2.115200 ms  DeleteObjects: 0.084200 ms)

AssetImportParameters requested are different than current active one (requested -> active):
  custom:video-decoder-ogg-theora: a1e56fd34408186e4bbccfd4996cb3dc -> 
  custom:container-muxer-webm: aa71ff27fc2769a1b78a27578f13a17b -> 
  custom:container-demuxer-webm: 4f35f7cbe854078d1ac9338744f61a02 -> 
  custom:video-encoder-webm-vp8: eb34c28f22e8b96e1ab97ce403110664 -> 
  custom:video-codec-MediaFoundation-h265: 746d11721c4dcdbdad8f713fa42b33f4 -> 
  custom:audio-encoder-webm-vorbis: bf7c407c2cedff20999df2af8eb42d56 -> 
  custom:framework-win-MediaFoundation: 216162199b28c13a410421893ffa2e32 -> 
  custom:container-demuxer-ogg: 62fdf1f143b41e24485cea50d1cbac27 -> 
  custom:video-decoder-webm-vp8: 9c59270c3fd7afecdb556c50c9e8de78 -> 
  custom:audio-decoder-ogg-vorbis: bf7c407c2cedff20999df2af8eb42d56 -> 
=======
  Time since last request: 90675.880314 seconds.
  path: Assets/Pandazole_Ultimate_Pack/Pandazole Simple Game Pack/Prefabs/Axe_01.prefab
  artifactKey: Guid(a028d11266903c34b845c1a69e33062d) Importer(815301076,1909f56bfc062723c751e8b465ee728b)
Start importing Assets/Pandazole_Ultimate_Pack/Pandazole Simple Game Pack/Prefabs/Axe_01.prefab using Guid(a028d11266903c34b845c1a69e33062d) Importer(815301076,1909f56bfc062723c751e8b465ee728b)  -> (artifact id: 'c38ed4729340840d460f3154fc563646') in 0.139084 seconds 
========================================================================
Received Import Request.
  Time since last request: 0.000026 seconds.
  path: Assets/Pandazole_Ultimate_Pack/Pandazole Simple Game Pack/Prefabs/Prop_Paint_01.prefab
  artifactKey: Guid(46e341a6df12c6242944a0a205bd3842) Importer(815301076,1909f56bfc062723c751e8b465ee728b)
Start importing Assets/Pandazole_Ultimate_Pack/Pandazole Simple Game Pack/Prefabs/Prop_Paint_01.prefab using Guid(46e341a6df12c6242944a0a205bd3842) Importer(815301076,1909f56bfc062723c751e8b465ee728b)  -> (artifact id: '767b0b9dd89df375ace6cf7b1c252b0d') in 0.017804 seconds 
========================================================================
Received Import Request.
  Time since last request: 0.000058 seconds.
  path: Assets/Pandazole_Ultimate_Pack/Pandazole Simple Game Pack/Prefabs/Prop_StreetSign_TrafficSignals.prefab
  artifactKey: Guid(8fe53d3db716d404f9334e341dffd96a) Importer(815301076,1909f56bfc062723c751e8b465ee728b)
Start importing Assets/Pandazole_Ultimate_Pack/Pandazole Simple Game Pack/Prefabs/Prop_StreetSign_TrafficSignals.prefab using Guid(8fe53d3db716d404f9334e341dffd96a) Importer(815301076,1909f56bfc062723c751e8b465ee728b)  -> (artifact id: 'fd3d7fc347e87b4361325c27e259e157') in 0.026444 seconds 
========================================================================
Received Import Request.
  Time since last request: 0.000026 seconds.
  path: Assets/Pandazole_Ultimate_Pack/Pandazole Simple Game Pack/Prefabs/Prop_Sofa_01.prefab
  artifactKey: Guid(96b7ca556ce445e47830fa1101bcdd33) Importer(815301076,1909f56bfc062723c751e8b465ee728b)
Start importing Assets/Pandazole_Ultimate_Pack/Pandazole Simple Game Pack/Prefabs/Prop_Sofa_01.prefab using Guid(96b7ca556ce445e47830fa1101bcdd33) Importer(815301076,1909f56bfc062723c751e8b465ee728b)  -> (artifact id: 'a1089acc1b1cb93a0c288f8305d4373d') in 0.031389 seconds 
========================================================================
Received Import Request.
  Time since last request: 0.000018 seconds.
  path: Assets/Pandazole_Ultimate_Pack/Pandazole Simple Game Pack/Prefabs/Env_Road_Grass_01.prefab
  artifactKey: Guid(623f6e318aac73947a34de78282715b2) Importer(815301076,1909f56bfc062723c751e8b465ee728b)
Start importing Assets/Pandazole_Ultimate_Pack/Pandazole Simple Game Pack/Prefabs/Env_Road_Grass_01.prefab using Guid(623f6e318aac73947a34de78282715b2) Importer(815301076,1909f56bfc062723c751e8b465ee728b)  -> (artifact id: '48c5a11db0ab6fca88fbca5419e6408e') in 0.030869 seconds 
========================================================================
Received Import Request.
  Time since last request: 0.000041 seconds.
  path: Assets/Pandazole_Ultimate_Pack/Pandazole Simple Game Pack/Prefabs/Prop_Table_01.001.prefab
  artifactKey: Guid(d0170e45993037d4090f306552db19de) Importer(815301076,1909f56bfc062723c751e8b465ee728b)
Start importing Assets/Pandazole_Ultimate_Pack/Pandazole Simple Game Pack/Prefabs/Prop_Table_01.001.prefab using Guid(d0170e45993037d4090f306552db19de) Importer(815301076,1909f56bfc062723c751e8b465ee728b)  -> (artifact id: '1262c8ab52cb5d846bae79ac5aa7bc93') in 0.016794 seconds 
========================================================================
Received Import Request.
  Time since last request: 0.000021 seconds.
  path: Assets/Pandazole_Ultimate_Pack/Pandazole Simple Game Pack/Prefabs/Food_Apple.prefab
  artifactKey: Guid(e7a2a8a83b359a54f89e9c51b55f1d54) Importer(815301076,1909f56bfc062723c751e8b465ee728b)
Start importing Assets/Pandazole_Ultimate_Pack/Pandazole Simple Game Pack/Prefabs/Food_Apple.prefab using Guid(e7a2a8a83b359a54f89e9c51b55f1d54) Importer(815301076,1909f56bfc062723c751e8b465ee728b)  -> (artifact id: 'a036adcbcd88ff650f34d859331d9769') in 0.018888 seconds 
========================================================================
Received Import Request.
  Time since last request: 0.000019 seconds.
  path: Assets/Pandazole_Ultimate_Pack/Pandazole Simple Game Pack/Prefabs/Prop_Intel_01.prefab
  artifactKey: Guid(f7bfc3bf7195291478c8d3889852ebae) Importer(815301076,1909f56bfc062723c751e8b465ee728b)
Start importing Assets/Pandazole_Ultimate_Pack/Pandazole Simple Game Pack/Prefabs/Prop_Intel_01.prefab using Guid(f7bfc3bf7195291478c8d3889852ebae) Importer(815301076,1909f56bfc062723c751e8b465ee728b)  -> (artifact id: '4c6bf078534548178e8e12acbb3a3ec5') in 0.017693 seconds 
========================================================================
Received Import Request.
  Time since last request: 0.000021 seconds.
  path: Assets/Pandazole_Ultimate_Pack/Pandazole Simple Game Pack/Prefabs/GasTank.prefab
  artifactKey: Guid(113e7f395a0b80543aa41c82768507b2) Importer(815301076,1909f56bfc062723c751e8b465ee728b)
Start importing Assets/Pandazole_Ultimate_Pack/Pandazole Simple Game Pack/Prefabs/GasTank.prefab using Guid(113e7f395a0b80543aa41c82768507b2) Importer(815301076,1909f56bfc062723c751e8b465ee728b)  -> (artifact id: '8fcfe2af4292f82b2f2e6f39f5908faf') in 0.023435 seconds 
========================================================================
Received Import Request.
  Time since last request: 0.000035 seconds.
  path: Assets/Pandazole_Ultimate_Pack/Pandazole Simple Game Pack/Prefabs/CannedFood_01.prefab
  artifactKey: Guid(6044f46bd69510d48a796d5fa03e10ad) Importer(815301076,1909f56bfc062723c751e8b465ee728b)
Start importing Assets/Pandazole_Ultimate_Pack/Pandazole Simple Game Pack/Prefabs/CannedFood_01.prefab using Guid(6044f46bd69510d48a796d5fa03e10ad) Importer(815301076,1909f56bfc062723c751e8b465ee728b)  -> (artifact id: '2852526e7b092e447b1f3b5e6b32e9ec') in 0.027587 seconds 
========================================================================
Received Import Request.
  Time since last request: 0.000023 seconds.
  path: Assets/Pandazole_Ultimate_Pack/Pandazole Simple Game Pack/Prefabs/Prop_RoofVent_01.prefab
  artifactKey: Guid(f74897866dd9f4f40a8665c68e2a5a30) Importer(815301076,1909f56bfc062723c751e8b465ee728b)
Start importing Assets/Pandazole_Ultimate_Pack/Pandazole Simple Game Pack/Prefabs/Prop_RoofVent_01.prefab using Guid(f74897866dd9f4f40a8665c68e2a5a30) Importer(815301076,1909f56bfc062723c751e8b465ee728b)  -> (artifact id: '160644c35d7a1b4bae8f9f53799113cf') in 0.017804 seconds 
========================================================================
Received Import Request.
  Time since last request: 0.000035 seconds.
  path: Assets/Pandazole_Ultimate_Pack/Pandazole Simple Game Pack/Prefabs/Prop_Bush_01.prefab
  artifactKey: Guid(cca12f5afb8ce8548ba635da63757947) Importer(815301076,1909f56bfc062723c751e8b465ee728b)
Start importing Assets/Pandazole_Ultimate_Pack/Pandazole Simple Game Pack/Prefabs/Prop_Bush_01.prefab using Guid(cca12f5afb8ce8548ba635da63757947) Importer(815301076,1909f56bfc062723c751e8b465ee728b)  -> (artifact id: 'f6df046d1a4baadf052ead99a39c810e') in 0.022353 seconds 
========================================================================
Received Import Request.
  Time since last request: 0.000024 seconds.
  path: Assets/Pandazole_Ultimate_Pack/Pandazole Simple Game Pack/Prefabs/Prop_Book_01.prefab
  artifactKey: Guid(2fac0727655d8f7418660fd17707e067) Importer(815301076,1909f56bfc062723c751e8b465ee728b)
Start importing Assets/Pandazole_Ultimate_Pack/Pandazole Simple Game Pack/Prefabs/Prop_Book_01.prefab using Guid(2fac0727655d8f7418660fd17707e067) Importer(815301076,1909f56bfc062723c751e8b465ee728b)  -> (artifact id: '3f5b2d60e471602c6b4a6d2bc8b1e181') in 0.037019 seconds 
========================================================================
Received Import Request.
  Time since last request: 0.000024 seconds.
  path: Assets/Pandazole_Ultimate_Pack/Pandazole Simple Game Pack/Prefabs/Env_ResidentBuilding_01.prefab
  artifactKey: Guid(b6d2dcae7c7efd9459d35aefcaef9c80) Importer(815301076,1909f56bfc062723c751e8b465ee728b)
Start importing Assets/Pandazole_Ultimate_Pack/Pandazole Simple Game Pack/Prefabs/Env_ResidentBuilding_01.prefab using Guid(b6d2dcae7c7efd9459d35aefcaef9c80) Importer(815301076,1909f56bfc062723c751e8b465ee728b)  -> (artifact id: '618fa0ab8be68adb1d9cf3e724e5180d') in 0.017545 seconds 
========================================================================
Received Import Request.
  Time since last request: 1.450239 seconds.
  path: Assets/Pandazole_Ultimate_Pack/Pandazole Simple Game Pack/Prefabs/Prop_TrashBag_01.prefab
  artifactKey: Guid(f763a8746b477b941bf6e84aea6e3864) Importer(815301076,1909f56bfc062723c751e8b465ee728b)
Start importing Assets/Pandazole_Ultimate_Pack/Pandazole Simple Game Pack/Prefabs/Prop_TrashBag_01.prefab using Guid(f763a8746b477b941bf6e84aea6e3864) Importer(815301076,1909f56bfc062723c751e8b465ee728b)  -> (artifact id: '676dd8e6e75b73ed4bd8b972684be5dd') in 0.018416 seconds 
========================================================================
Received Import Request.
  Time since last request: 0.000023 seconds.
  path: Assets/Pandazole_Ultimate_Pack/Pandazole Simple Game Pack/Prefabs/Prop_Tree_04.prefab
  artifactKey: Guid(c79d4784e3704994c9e584801bed4dd3) Importer(815301076,1909f56bfc062723c751e8b465ee728b)
Start importing Assets/Pandazole_Ultimate_Pack/Pandazole Simple Game Pack/Prefabs/Prop_Tree_04.prefab using Guid(c79d4784e3704994c9e584801bed4dd3) Importer(815301076,1909f56bfc062723c751e8b465ee728b)  -> (artifact id: '906c0255cc9314e92d7afee37b85030d') in 0.015460 seconds 
========================================================================
Received Import Request.
  Time since last request: 0.000026 seconds.
  path: Assets/Pandazole_Ultimate_Pack/Pandazole Simple Game Pack/Prefabs/Prop_WallShelf_01.prefab
  artifactKey: Guid(3861c043afe2be543bbce74bc8f6db93) Importer(815301076,1909f56bfc062723c751e8b465ee728b)
Start importing Assets/Pandazole_Ultimate_Pack/Pandazole Simple Game Pack/Prefabs/Prop_WallShelf_01.prefab using Guid(3861c043afe2be543bbce74bc8f6db93) Importer(815301076,1909f56bfc062723c751e8b465ee728b)  -> (artifact id: 'a37f2d051d7b1a861e2b966da09b1d93') in 0.015853 seconds 
========================================================================
Received Import Request.
  Time since last request: 0.000023 seconds.
  path: Assets/Pandazole_Ultimate_Pack/Pandazole Simple Game Pack/Prefabs/PryBar.prefab
  artifactKey: Guid(d39e5bdf17ed0c94388607833a4c866c) Importer(815301076,1909f56bfc062723c751e8b465ee728b)
Start importing Assets/Pandazole_Ultimate_Pack/Pandazole Simple Game Pack/Prefabs/PryBar.prefab using Guid(d39e5bdf17ed0c94388607833a4c866c) Importer(815301076,1909f56bfc062723c751e8b465ee728b)  -> (artifact id: '30c8dae67e1322fd803b86ef39fb8e42') in 0.018283 seconds 
========================================================================
Received Import Request.
  Time since last request: 0.000049 seconds.
  path: Assets/Pandazole_Ultimate_Pack/Pandazole Simple Game Pack/Prefabs/Prop_WallShelf_02.prefab
  artifactKey: Guid(42107521ef2a7044d82e542572b54888) Importer(815301076,1909f56bfc062723c751e8b465ee728b)
Start importing Assets/Pandazole_Ultimate_Pack/Pandazole Simple Game Pack/Prefabs/Prop_WallShelf_02.prefab using Guid(42107521ef2a7044d82e542572b54888) Importer(815301076,1909f56bfc062723c751e8b465ee728b)  -> (artifact id: 'a230cb995efa8b7aa14a37b1015819c8') in 0.017064 seconds 
>>>>>>> Stashed changes
Editor requested this worker to shutdown with reason: Scaling down because of idle timeout
AssetImportWorker is now disconnected from the server
Process exiting
Exiting without the bug reporter. Application will terminate with return code 0