Using pre-set license
Built from '2021.3/staging' branch; Version is '2021.3.16f1 (4016570cf34f) revision 4200023'; Using compiler version '192829333'; Build Type 'Release'
OS: 'Windows 11  (10.0.22621) 64bit Professional' Language: 'tr' Physical Memory: 16163 MB
BatchMode: 1, IsHumanControllingUs: 0, StartBugReporterOnCrash: 0, Is64bit: 1, IsPro: 1

COMMAND LINE ARGUMENTS:
C:\Program Files\Unity\Hub\Editor\2021.3.16f1\Editor\Unity.exe
-adb2
-batchMode
-noUpm
-name
AssetImportWorker0
-projectPath
C:/Users/dlara/OneDrive/Masaüstü/BootcampREPO/Hypercasual
-logFile
Logs/AssetImportWorker0.log
-srvPort
50964
Successfully changed project path to: C:/Users/dlara/OneDrive/Masaüstü/BootcampREPO/Hypercasual
C:/Users/dlara/OneDrive/Masaüstü/BootcampREPO/Hypercasual
[UnityMemory] Configuration Parameters - Can be set up in boot.config
    "memorysetup-bucket-allocator-granularity=16"
    "memorysetup-bucket-allocator-bucket-count=8"
    "memorysetup-bucket-allocator-block-size=33554432"
    "memorysetup-bucket-allocator-block-count=8"
    "memorysetup-main-allocator-block-size=16777216"
    "memorysetup-thread-allocator-block-size=16777216"
    "memorysetup-gfx-main-allocator-block-size=16777216"
    "memorysetup-gfx-thread-allocator-block-size=16777216"
    "memorysetup-cache-allocator-block-size=4194304"
    "memorysetup-typetree-allocator-block-size=2097152"
    "memorysetup-profiler-bucket-allocator-granularity=16"
    "memorysetup-profiler-bucket-allocator-bucket-count=8"
    "memorysetup-profiler-bucket-allocator-block-size=33554432"
    "memorysetup-profiler-bucket-allocator-block-count=8"
    "memorysetup-profiler-allocator-block-size=16777216"
    "memorysetup-profiler-editor-allocator-block-size=1048576"
    "memorysetup-temp-allocator-size-main=16777216"
    "memorysetup-job-temp-allocator-block-size=2097152"
    "memorysetup-job-temp-allocator-block-size-background=1048576"
    "memorysetup-job-temp-allocator-reduction-small-platforms=262144"
    "memorysetup-temp-allocator-size-background-worker=32768"
    "memorysetup-temp-allocator-size-job-worker=262144"
    "memorysetup-temp-allocator-size-preload-manager=33554432"
    "memorysetup-temp-allocator-size-nav-mesh-worker=65536"
    "memorysetup-temp-allocator-size-audio-worker=65536"
    "memorysetup-temp-allocator-size-cloud-worker=32768"
    "memorysetup-temp-allocator-size-gi-baking-worker=262144"
    "memorysetup-temp-allocator-size-gfx=262144"
Player connection [23228] Host "[IP] 192.168.0.106 [Port] 0 [Flags] 2 [Guid] 3117561494 [EditorId] 3117561494 [Version] 1048832 [Id] WindowsEditor(7,Dilara) [Debug] 1 [PackageName] WindowsEditor [ProjectName] Editor" joined multi-casting on [225.0.0.222:54997]...

Player connection [23228] Host "[IP] 192.168.0.106 [Port] 0 [Flags] 2 [Guid] 3117561494 [EditorId] 3117561494 [Version] 1048832 [Id] WindowsEditor(7,Dilara) [Debug] 1 [PackageName] WindowsEditor [ProjectName] Editor" joined alternative multi-casting on [225.0.0.222:34997]...

Refreshing native plugins compatible for Editor in 60.45 ms, found 3 plugins.
Preloading 0 native plugins for Editor in 0.00 ms.
Initialize engine version: 2021.3.16f1 (4016570cf34f)
[Subsystems] Discovering subsystems at path C:/Program Files/Unity/Hub/Editor/2021.3.16f1/Editor/Data/Resources/UnitySubsystems
[Subsystems] Discovering subsystems at path C:/Users/dlara/OneDrive/Masaüstü/BootcampREPO/Hypercasual/Assets
GfxDevice: creating device client; threaded=0; jobified=0
Direct3D:
    Version:  Direct3D 11.0 [level 11.1]
    Renderer: NVIDIA GeForce RTX 3050 Ti Laptop GPU (ID=0x25a0)
    Vendor:   NVIDIA
    VRAM:     3976 MB
    Driver:   31.0.15.3161
Initialize mono
Mono path[0] = 'C:/Program Files/Unity/Hub/Editor/2021.3.16f1/Editor/Data/Managed'
Mono path[1] = 'C:/Program Files/Unity/Hub/Editor/2021.3.16f1/Editor/Data/MonoBleedingEdge/lib/mono/unityjit-win32'
Mono config path = 'C:/Program Files/Unity/Hub/Editor/2021.3.16f1/Editor/Data/MonoBleedingEdge/etc'
Using monoOptions --debugger-agent=transport=dt_socket,embedding=1,server=y,suspend=n,address=127.0.0.1:56856
Begin MonoManager ReloadAssembly
Registering precompiled unity dll's ...
Register platform support module: C:/Program Files/Unity/Hub/Editor/2021.3.16f1/Editor/Data/PlaybackEngines/WindowsStandaloneSupport/UnityEditor.WindowsStandalone.Extensions.dll
Registered in 0.003457 seconds.
Native extension for WindowsStandalone target not found
Refreshing native plugins compatible for Editor in 73.88 ms, found 3 plugins.
Preloading 0 native plugins for Editor in 0.00 ms.
Mono: successfully reloaded assembly
- Completed reload, in  0.524 seconds
Domain Reload Profiling:
	ReloadAssembly (524ms)
		BeginReloadAssembly (57ms)
			ExecutionOrderSort (0ms)
			DisableScriptedObjects (0ms)
			BackupInstance (0ms)
			ReleaseScriptingObjects (0ms)
			CreateAndSetChildDomain (1ms)
		EndReloadAssembly (378ms)
			LoadAssemblies (56ms)
			RebuildTransferFunctionScriptingTraits (0ms)
			SetupTypeCache (80ms)
			ReleaseScriptCaches (0ms)
			RebuildScriptCaches (30ms)
			SetupLoadedEditorAssemblies (227ms)
				LogAssemblyErrors (0ms)
				InitializePlatformSupportModulesInManaged (8ms)
				SetLoadedEditorAssemblies (0ms)
				RefreshPlugins (74ms)
				BeforeProcessingInitializeOnLoad (1ms)
				ProcessInitializeOnLoadAttributes (107ms)
				ProcessInitializeOnLoadMethodAttributes (37ms)
				AfterProcessingInitializeOnLoad (0ms)
				EditorAssembliesLoaded (0ms)
			ExecutionOrderSort2 (0ms)
			AwakeInstancesAfterBackupRestoration (0ms)
Platform modules already initialized, skipping
Registering precompiled user dll's ...
Registered in 0.002896 seconds.
Begin MonoManager ReloadAssembly
Native extension for WindowsStandalone target not found
Refreshing native plugins compatible for Editor in 0.62 ms, found 3 plugins.
Preloading 0 native plugins for Editor in 0.00 ms.
Mono: successfully reloaded assembly
- Completed reload, in  0.798 seconds
Domain Reload Profiling:
	ReloadAssembly (798ms)
		BeginReloadAssembly (85ms)
			ExecutionOrderSort (0ms)
			DisableScriptedObjects (4ms)
			BackupInstance (0ms)
			ReleaseScriptingObjects (0ms)
			CreateAndSetChildDomain (20ms)
		EndReloadAssembly (621ms)
			LoadAssemblies (61ms)
			RebuildTransferFunctionScriptingTraits (0ms)
			SetupTypeCache (208ms)
			ReleaseScriptCaches (1ms)
			RebuildScriptCaches (45ms)
			SetupLoadedEditorAssemblies (270ms)
				LogAssemblyErrors (0ms)
				InitializePlatformSupportModulesInManaged (4ms)
				SetLoadedEditorAssemblies (0ms)
				RefreshPlugins (1ms)
				BeforeProcessingInitializeOnLoad (65ms)
				ProcessInitializeOnLoadAttributes (180ms)
				ProcessInitializeOnLoadMethodAttributes (15ms)
				AfterProcessingInitializeOnLoad (6ms)
				EditorAssembliesLoaded (0ms)
			ExecutionOrderSort2 (0ms)
			AwakeInstancesAfterBackupRestoration (5ms)
Platform modules already initialized, skipping
========================================================================
Worker process is ready to serve import requests
Launched and connected shader compiler UnityShaderCompiler.exe after 0.04 seconds
Refreshing native plugins compatible for Editor in 0.53 ms, found 3 plugins.
Preloading 0 native plugins for Editor in 0.00 ms.
Unloading 3049 Unused Serialized files (Serialized files now loaded: 0)
Unloading 24 unused Assets / (113.9 KB). Loaded Objects now: 3511.
Memory consumption went from 108.5 MB to 108.4 MB.
Total: 2.380900 ms (FindLiveObjects: 0.220200 ms CreateObjectMapping: 0.076600 ms MarkObjects: 1.974400 ms  DeleteObjects: 0.108700 ms)

AssetImportParameters requested are different than current active one (requested -> active):
  custom:video-decoder-ogg-theora: a1e56fd34408186e4bbccfd4996cb3dc -> 
  custom:container-muxer-webm: aa71ff27fc2769a1b78a27578f13a17b -> 
  custom:container-demuxer-webm: 4f35f7cbe854078d1ac9338744f61a02 -> 
  custom:video-encoder-webm-vp8: eb34c28f22e8b96e1ab97ce403110664 -> 
  custom:video-codec-MediaFoundation-h265: 746d11721c4dcdbdad8f713fa42b33f4 -> 
  custom:audio-encoder-webm-vorbis: bf7c407c2cedff20999df2af8eb42d56 -> 
  custom:framework-win-MediaFoundation: 216162199b28c13a410421893ffa2e32 -> 
  custom:container-demuxer-ogg: 62fdf1f143b41e24485cea50d1cbac27 -> 
  custom:video-decoder-webm-vp8: 9c59270c3fd7afecdb556c50c9e8de78 -> 
  custom:audio-decoder-ogg-vorbis: bf7c407c2cedff20999df2af8eb42d56 -> 
========================================================================
Received Import Request.
  Time since last request: 2587172.688960 seconds.
  path: Assets/Pandazole_Ultimate_Pack/Pandazole Simple Game Pack/Models/Arrow_01.fbx
  artifactKey: Guid(b366656885996c94abddce2af1f4d3e9) Importer(815301076,1909f56bfc062723c751e8b465ee728b)
Start importing Assets/Pandazole_Ultimate_Pack/Pandazole Simple Game Pack/Models/Arrow_01.fbx using Guid(b366656885996c94abddce2af1f4d3e9) Importer(815301076,1909f56bfc062723c751e8b465ee728b)  -> (artifact id: '5b506ce00c5c70fd6572c9898a027790') in 0.278499 seconds 
========================================================================
Received Import Request.
  Time since last request: 0.000025 seconds.
  path: Assets/Pandazole_Ultimate_Pack/Pandazole Simple Game Pack/Models/WallCornor_01.fbx
  artifactKey: Guid(351b849258ca4814d968df1c3191cfff) Importer(815301076,1909f56bfc062723c751e8b465ee728b)
Start importing Assets/Pandazole_Ultimate_Pack/Pandazole Simple Game Pack/Models/WallCornor_01.fbx using Guid(351b849258ca4814d968df1c3191cfff) Importer(815301076,1909f56bfc062723c751e8b465ee728b)  -> (artifact id: 'e9601887e90993f5882b408474911b11') in 0.046345 seconds 
========================================================================
Received Import Request.
  Time since last request: 0.000030 seconds.
  path: Assets/Pandazole_Ultimate_Pack/Pandazole Simple Game Pack/Models/Prop_RoofWindow_01.fbx
  artifactKey: Guid(edf8b2d7fc9375041bc1c37226ac7001) Importer(815301076,1909f56bfc062723c751e8b465ee728b)
Start importing Assets/Pandazole_Ultimate_Pack/Pandazole Simple Game Pack/Models/Prop_RoofWindow_01.fbx using Guid(edf8b2d7fc9375041bc1c37226ac7001) Importer(815301076,1909f56bfc062723c751e8b465ee728b)  -> (artifact id: '560d46a3ea14b28392ae057969437efc') in 0.041032 seconds 
========================================================================
Received Import Request.
  Time since last request: 0.000023 seconds.
  path: Assets/Pandazole_Ultimate_Pack/Pandazole Simple Game Pack/Models/Env_Road_End_02.fbx
  artifactKey: Guid(e80e03bff3411b5488f8a70ca0556eb0) Importer(815301076,1909f56bfc062723c751e8b465ee728b)
Start importing Assets/Pandazole_Ultimate_Pack/Pandazole Simple Game Pack/Models/Env_Road_End_02.fbx using Guid(e80e03bff3411b5488f8a70ca0556eb0) Importer(815301076,1909f56bfc062723c751e8b465ee728b)  -> (artifact id: 'd49d872b881c88b724782e14b64924ca') in 0.033951 seconds 
========================================================================
Received Import Request.
  Time since last request: 0.000021 seconds.
  path: Assets/Pandazole_Ultimate_Pack/Pandazole Simple Game Pack/Models/Prop_Tree_04.fbx
  artifactKey: Guid(f2d612dfa69130c4087faa4ec0cc546f) Importer(815301076,1909f56bfc062723c751e8b465ee728b)
Start importing Assets/Pandazole_Ultimate_Pack/Pandazole Simple Game Pack/Models/Prop_Tree_04.fbx using Guid(f2d612dfa69130c4087faa4ec0cc546f) Importer(815301076,1909f56bfc062723c751e8b465ee728b)  -> (artifact id: '4fdb088879bb9bd712a367c21dab8dad') in 0.018631 seconds 
========================================================================
Received Import Request.
  Time since last request: 0.000023 seconds.
  path: Assets/Pandazole_Ultimate_Pack/Pandazole Simple Game Pack/Models/Knife_01.fbx
  artifactKey: Guid(e714305e49bc2294bb2589c085c03321) Importer(815301076,1909f56bfc062723c751e8b465ee728b)
Start importing Assets/Pandazole_Ultimate_Pack/Pandazole Simple Game Pack/Models/Knife_01.fbx using Guid(e714305e49bc2294bb2589c085c03321) Importer(815301076,1909f56bfc062723c751e8b465ee728b)  -> (artifact id: 'ca882bc85c0a6b212e0bdb93bfd1b347') in 0.020674 seconds 
========================================================================
Received Import Request.
  Time since last request: 0.000028 seconds.
  path: Assets/Pandazole_Ultimate_Pack/Pandazole Simple Game Pack/Models/SodaCan.fbx
  artifactKey: Guid(115bb14048f77fb44a4b84e568911321) Importer(815301076,1909f56bfc062723c751e8b465ee728b)
Start importing Assets/Pandazole_Ultimate_Pack/Pandazole Simple Game Pack/Models/SodaCan.fbx using Guid(115bb14048f77fb44a4b84e568911321) Importer(815301076,1909f56bfc062723c751e8b465ee728b)  -> (artifact id: '82a1f68782dced1642caa8d56b07b66e') in 0.021335 seconds 
========================================================================
Received Import Request.
  Time since last request: 0.000019 seconds.
  path: Assets/Pandazole_Ultimate_Pack/Pandazole Simple Game Pack/Models/Env_Road_Grass_01.fbx
  artifactKey: Guid(d61f092b463efe145b8ac91534fc1365) Importer(815301076,1909f56bfc062723c751e8b465ee728b)
Start importing Assets/Pandazole_Ultimate_Pack/Pandazole Simple Game Pack/Models/Env_Road_Grass_01.fbx using Guid(d61f092b463efe145b8ac91534fc1365) Importer(815301076,1909f56bfc062723c751e8b465ee728b)  -> (artifact id: '9f229f3b6566d5963cf95f817ed9c4e2') in 0.021071 seconds 
========================================================================
Received Import Request.
  Time since last request: 0.000028 seconds.
  path: Assets/Pandazole_Ultimate_Pack/Pandazole Simple Game Pack/Models/Env_Motel_01.fbx
  artifactKey: Guid(2c46d4de4e95db541917edeeeba6539e) Importer(815301076,1909f56bfc062723c751e8b465ee728b)
Start importing Assets/Pandazole_Ultimate_Pack/Pandazole Simple Game Pack/Models/Env_Motel_01.fbx using Guid(2c46d4de4e95db541917edeeeba6539e) Importer(815301076,1909f56bfc062723c751e8b465ee728b)  -> (artifact id: '69b119e052fdb76286967b7ace0f742e') in 0.020786 seconds 
========================================================================
Received Import Request.
  Time since last request: 0.000023 seconds.
  path: Assets/Pandazole_Ultimate_Pack/Pandazole Simple Game Pack/Models/Food_Egg.fbx
  artifactKey: Guid(476e61f1cf4c0b14ebc1c1d1e47cfdf9) Importer(815301076,1909f56bfc062723c751e8b465ee728b)
Start importing Assets/Pandazole_Ultimate_Pack/Pandazole Simple Game Pack/Models/Food_Egg.fbx using Guid(476e61f1cf4c0b14ebc1c1d1e47cfdf9) Importer(815301076,1909f56bfc062723c751e8b465ee728b)  -> (artifact id: '764bfb7cb04f80275d263dda60522415') in 0.020710 seconds 
========================================================================
Received Import Request.
  Time since last request: 0.000031 seconds.
  path: Assets/Pandazole_Ultimate_Pack/Pandazole Simple Game Pack/Models/Prop_StreetSign_TrafficSignals.fbx
  artifactKey: Guid(21005077904495149a31d4ea07a4da8c) Importer(815301076,1909f56bfc062723c751e8b465ee728b)
Start importing Assets/Pandazole_Ultimate_Pack/Pandazole Simple Game Pack/Models/Prop_StreetSign_TrafficSignals.fbx using Guid(21005077904495149a31d4ea07a4da8c) Importer(815301076,1909f56bfc062723c751e8b465ee728b)  -> (artifact id: 'c0dcd009d42d0fd84b346101cd928c6a') in 0.020943 seconds 
========================================================================
Received Import Request.
  Time since last request: 0.000033 seconds.
  path: Assets/Pandazole_Ultimate_Pack/Pandazole Simple Game Pack/Models/Prop_WallShelf_01.fbx
  artifactKey: Guid(cfb258292116f39439e8cc701edd53b5) Importer(815301076,1909f56bfc062723c751e8b465ee728b)
Start importing Assets/Pandazole_Ultimate_Pack/Pandazole Simple Game Pack/Models/Prop_WallShelf_01.fbx using Guid(cfb258292116f39439e8cc701edd53b5) Importer(815301076,1909f56bfc062723c751e8b465ee728b)  -> (artifact id: '241e1709f6f0407101e375c452907617') in 0.020961 seconds 
========================================================================
Received Import Request.
  Time since last request: 0.000019 seconds.
  path: Assets/Pandazole_Ultimate_Pack/Pandazole Simple Game Pack/Models/Prop_HomeLamp_01.fbx
  artifactKey: Guid(e1c32b5acda6a924487b7f3a270b4352) Importer(815301076,1909f56bfc062723c751e8b465ee728b)
Start importing Assets/Pandazole_Ultimate_Pack/Pandazole Simple Game Pack/Models/Prop_HomeLamp_01.fbx using Guid(e1c32b5acda6a924487b7f3a270b4352) Importer(815301076,1909f56bfc062723c751e8b465ee728b)  -> (artifact id: '7daae218402dd62ab4c45d2e3a13c4e2') in 0.020282 seconds 
========================================================================
Received Import Request.
  Time since last request: 0.000031 seconds.
  path: Assets/Pandazole_Ultimate_Pack/Pandazole Simple Game Pack/Models/Prop_TV_Table.fbx
  artifactKey: Guid(7f48423f4a1bcc648b674307831b0a6c) Importer(815301076,1909f56bfc062723c751e8b465ee728b)
Start importing Assets/Pandazole_Ultimate_Pack/Pandazole Simple Game Pack/Models/Prop_TV_Table.fbx using Guid(7f48423f4a1bcc648b674307831b0a6c) Importer(815301076,1909f56bfc062723c751e8b465ee728b)  -> (artifact id: '3754e86db3e431e0822d5f8ed1f6c183') in 0.020269 seconds 
========================================================================
Received Import Request.
  Time since last request: 0.000026 seconds.
  path: Assets/Pandazole_Ultimate_Pack/Pandazole Simple Game Pack/Models/Prop_ModernTV.fbx
  artifactKey: Guid(acaff909ddc70fe4689d47979b14082b) Importer(815301076,1909f56bfc062723c751e8b465ee728b)
Start importing Assets/Pandazole_Ultimate_Pack/Pandazole Simple Game Pack/Models/Prop_ModernTV.fbx using Guid(acaff909ddc70fe4689d47979b14082b) Importer(815301076,1909f56bfc062723c751e8b465ee728b)  -> (artifact id: '175bc249d3be270488824dfb9a7c9f55') in 0.020362 seconds 
========================================================================
Received Import Request.
  Time since last request: 0.000021 seconds.
  path: Assets/Pandazole_Ultimate_Pack/Pandazole Simple Game Pack/Models/Prop_WallShelf_02.fbx
  artifactKey: Guid(235bc49ae2f80024e9feda28b9650f47) Importer(815301076,1909f56bfc062723c751e8b465ee728b)
Start importing Assets/Pandazole_Ultimate_Pack/Pandazole Simple Game Pack/Models/Prop_WallShelf_02.fbx using Guid(235bc49ae2f80024e9feda28b9650f47) Importer(815301076,1909f56bfc062723c751e8b465ee728b)  -> (artifact id: 'eab6440eeb5013698479fa185f860113') in 0.018486 seconds 
========================================================================
Received Import Request.
  Time since last request: 0.000025 seconds.
  path: Assets/Pandazole_Ultimate_Pack/Pandazole Simple Game Pack/Models/CannedFood_01.fbx
  artifactKey: Guid(81724618f79c76d4d820c499762eaf44) Importer(815301076,1909f56bfc062723c751e8b465ee728b)
Start importing Assets/Pandazole_Ultimate_Pack/Pandazole Simple Game Pack/Models/CannedFood_01.fbx using Guid(81724618f79c76d4d820c499762eaf44) Importer(815301076,1909f56bfc062723c751e8b465ee728b)  -> (artifact id: '123bd4fe19ff09d2886e706d1e6d6b45') in 0.012075 seconds 
========================================================================
Received Import Request.
  Time since last request: 0.000022 seconds.
  path: Assets/Pandazole_Ultimate_Pack/Pandazole Simple Game Pack/Models/Prop_Table_01.001.fbx
  artifactKey: Guid(15112076ea03283498c943b283165f62) Importer(815301076,1909f56bfc062723c751e8b465ee728b)
Start importing Assets/Pandazole_Ultimate_Pack/Pandazole Simple Game Pack/Models/Prop_Table_01.001.fbx using Guid(15112076ea03283498c943b283165f62) Importer(815301076,1909f56bfc062723c751e8b465ee728b)  -> (artifact id: 'de72ae7b76cc70c580d6814200af5b9b') in 0.021420 seconds 
========================================================================
Received Import Request.
  Time since last request: 0.000026 seconds.
  path: Assets/Pandazole_Ultimate_Pack/Pandazole Simple Game Pack/Models/Prop_Table_01.fbx
  artifactKey: Guid(a72c0a97e150a614db3b2937b6ad79d3) Importer(815301076,1909f56bfc062723c751e8b465ee728b)
Start importing Assets/Pandazole_Ultimate_Pack/Pandazole Simple Game Pack/Models/Prop_Table_01.fbx using Guid(a72c0a97e150a614db3b2937b6ad79d3) Importer(815301076,1909f56bfc062723c751e8b465ee728b)  -> (artifact id: '7b97695a7663c9b1bc7136656b2f1ded') in 0.021530 seconds 
========================================================================
Received Import Request.
  Time since last request: 0.000031 seconds.
  path: Assets/Pandazole_Ultimate_Pack/Pandazole Simple Game Pack/Models/Prop_Bush_01.fbx
  artifactKey: Guid(37ab62ddbf218fe46b0ac2f5d7b172df) Importer(815301076,1909f56bfc062723c751e8b465ee728b)
Start importing Assets/Pandazole_Ultimate_Pack/Pandazole Simple Game Pack/Models/Prop_Bush_01.fbx using Guid(37ab62ddbf218fe46b0ac2f5d7b172df) Importer(815301076,1909f56bfc062723c751e8b465ee728b)  -> (artifact id: '5c97d57aa45f013e13c7de4be348d543') in 0.022463 seconds 
========================================================================
Received Import Request.
  Time since last request: 0.000027 seconds.
  path: Assets/Pandazole_Ultimate_Pack/Pandazole Simple Game Pack/Models/Prop_Wall_01.fbx
  artifactKey: Guid(e5cd99ce43cd3e846ac83be46b01e725) Importer(815301076,1909f56bfc062723c751e8b465ee728b)
Start importing Assets/Pandazole_Ultimate_Pack/Pandazole Simple Game Pack/Models/Prop_Wall_01.fbx using Guid(e5cd99ce43cd3e846ac83be46b01e725) Importer(815301076,1909f56bfc062723c751e8b465ee728b)  -> (artifact id: '6240803321a19c695f37810179d35218') in 0.026021 seconds 
========================================================================
Received Import Request.
  Time since last request: 0.000038 seconds.
  path: Assets/Pandazole_Ultimate_Pack/Pandazole Simple Game Pack/Models/PryBar.fbx
  artifactKey: Guid(4322188eaf730d043ae471207099b162) Importer(815301076,1909f56bfc062723c751e8b465ee728b)
Start importing Assets/Pandazole_Ultimate_Pack/Pandazole Simple Game Pack/Models/PryBar.fbx using Guid(4322188eaf730d043ae471207099b162) Importer(815301076,1909f56bfc062723c751e8b465ee728b)  -> (artifact id: 'cbb7d1009a134cc00136117680d8f281') in 0.021510 seconds 
========================================================================
Received Import Request.
  Time since last request: 0.000023 seconds.
  path: Assets/Pandazole_Ultimate_Pack/Pandazole Simple Game Pack/Models/BaseballBat_01.fbx
  artifactKey: Guid(49009f73cfd746e41917b088cf8e0b9f) Importer(815301076,1909f56bfc062723c751e8b465ee728b)
Start importing Assets/Pandazole_Ultimate_Pack/Pandazole Simple Game Pack/Models/BaseballBat_01.fbx using Guid(49009f73cfd746e41917b088cf8e0b9f) Importer(815301076,1909f56bfc062723c751e8b465ee728b)  -> (artifact id: '405a23f3fd3bc202d3a6f6559485f3ba') in 0.022569 seconds 
