Using pre-set license
Built from '2021.3/staging' branch; Version is '2021.3.22f1 (b6c551784ba3) revision 11978065'; Using compiler version '192829333'; Build Type 'Release'
OS: 'Windows 11  (10.0.22621) 64bit Professional' Language: 'tr' Physical Memory: 16309 MB
BatchMode: 1, IsHumanControllingUs: 0, StartBugReporterOnCrash: 0, Is64bit: 1, IsPro: 1

COMMAND LINE ARGUMENTS:
C:\Program Files\Unity\Hub\Editor\2021.3.22f1\Editor\Unity.exe
-adb2
-batchMode
-noUpm
-name
AssetImportWorker4
-projectPath
C:/Users/aonde/OneDrive/Masaüstü/BootcampREPO/Hypercasual
-logFile
Logs/AssetImportWorker4.log
-srvPort
61630
Successfully changed project path to: C:/Users/aonde/OneDrive/Masaüstü/BootcampREPO/Hypercasual
C:/Users/aonde/OneDrive/Masaüstü/BootcampREPO/Hypercasual
[UnityMemory] Configuration Parameters - Can be set up in boot.config
    "memorysetup-bucket-allocator-granularity=16"
    "memorysetup-bucket-allocator-bucket-count=8"
    "memorysetup-bucket-allocator-block-size=33554432"
    "memorysetup-bucket-allocator-block-count=8"
    "memorysetup-main-allocator-block-size=16777216"
    "memorysetup-thread-allocator-block-size=16777216"
    "memorysetup-gfx-main-allocator-block-size=16777216"
    "memorysetup-gfx-thread-allocator-block-size=16777216"
    "memorysetup-cache-allocator-block-size=4194304"
    "memorysetup-typetree-allocator-block-size=2097152"
    "memorysetup-profiler-bucket-allocator-granularity=16"
    "memorysetup-profiler-bucket-allocator-bucket-count=8"
    "memorysetup-profiler-bucket-allocator-block-size=33554432"
    "memorysetup-profiler-bucket-allocator-block-count=8"
    "memorysetup-profiler-allocator-block-size=16777216"
    "memorysetup-profiler-editor-allocator-block-size=1048576"
    "memorysetup-temp-allocator-size-main=16777216"
    "memorysetup-job-temp-allocator-block-size=2097152"
    "memorysetup-job-temp-allocator-block-size-background=1048576"
    "memorysetup-job-temp-allocator-reduction-small-platforms=262144"
    "memorysetup-temp-allocator-size-background-worker=32768"
    "memorysetup-temp-allocator-size-job-worker=262144"
    "memorysetup-temp-allocator-size-preload-manager=33554432"
    "memorysetup-temp-allocator-size-nav-mesh-worker=65536"
    "memorysetup-temp-allocator-size-audio-worker=65536"
    "memorysetup-temp-allocator-size-cloud-worker=32768"
    "memorysetup-temp-allocator-size-gi-baking-worker=262144"
    "memorysetup-temp-allocator-size-gfx=262144"
Player connection [7532] Host "[IP] 192.168.1.2 [Port] 0 [Flags] 2 [Guid] 2499245961 [EditorId] 2499245961 [Version] 1048832 [Id] WindowsEditor(7,PalamutPC) [Debug] 1 [PackageName] WindowsEditor [ProjectName] Editor" joined multi-casting on [225.0.0.222:54997]...

Player connection [7532] Host "[IP] 192.168.1.2 [Port] 0 [Flags] 2 [Guid] 2499245961 [EditorId] 2499245961 [Version] 1048832 [Id] WindowsEditor(7,PalamutPC) [Debug] 1 [PackageName] WindowsEditor [ProjectName] Editor" joined alternative multi-casting on [225.0.0.222:34997]...

Refreshing native plugins compatible for Editor in 123.45 ms, found 3 plugins.
Preloading 0 native plugins for Editor in 0.00 ms.
Initialize engine version: 2021.3.22f1 (b6c551784ba3)
[Subsystems] Discovering subsystems at path C:/Program Files/Unity/Hub/Editor/2021.3.22f1/Editor/Data/Resources/UnitySubsystems
[Subsystems] Discovering subsystems at path C:/Users/aonde/OneDrive/Masaüstü/BootcampREPO/Hypercasual/Assets
GfxDevice: creating device client; threaded=0; jobified=0
Direct3D:
    Version:  Direct3D 11.0 [level 11.1]
    Renderer: NVIDIA GeForce RTX 3060 Ti (ID=0x24c9)
    Vendor:   NVIDIA
    VRAM:     8038 MB
    Driver:   31.0.15.3640
Initialize mono
Mono path[0] = 'C:/Program Files/Unity/Hub/Editor/2021.3.22f1/Editor/Data/Managed'
Mono path[1] = 'C:/Program Files/Unity/Hub/Editor/2021.3.22f1/Editor/Data/MonoBleedingEdge/lib/mono/unityjit-win32'
Mono config path = 'C:/Program Files/Unity/Hub/Editor/2021.3.22f1/Editor/Data/MonoBleedingEdge/etc'
Using monoOptions --debugger-agent=transport=dt_socket,embedding=1,server=y,suspend=n,address=127.0.0.1:56452
Begin MonoManager ReloadAssembly
Registering precompiled unity dll's ...
Trying to register platform support module: C:/Program Files/Unity/Hub/Editor/2021.3.22f1/Editor/Data/PlaybackEngines/AndroidPlayer/UnityEditor.Android.Extensions.dll (that doesn't exist). Retrying without overrides.
Platform support module is not available: C:/Program Files/Unity/Hub/Editor/2021.3.22f1/Editor/Data/PlaybackEngines/AndroidPlayer/UnityEditor.Android.Extensions.dll
Register platform support module: C:/Program Files/Unity/Hub/Editor/2021.3.22f1/Editor/Data/PlaybackEngines/WindowsStandaloneSupport/UnityEditor.WindowsStandalone.Extensions.dll
Registered in 0.007261 seconds.
Native extension for WindowsStandalone target not found
Refreshing native plugins compatible for Editor in 75.73 ms, found 3 plugins.
Preloading 0 native plugins for Editor in 0.00 ms.
Mono: successfully reloaded assembly
- Completed reload, in  0.645 seconds
Domain Reload Profiling:
	ReloadAssembly (645ms)
		BeginReloadAssembly (89ms)
			ExecutionOrderSort (0ms)
			DisableScriptedObjects (0ms)
			BackupInstance (0ms)
			ReleaseScriptingObjects (0ms)
			CreateAndSetChildDomain (1ms)
		EndReloadAssembly (445ms)
			LoadAssemblies (86ms)
			RebuildTransferFunctionScriptingTraits (0ms)
			SetupTypeCache (103ms)
			ReleaseScriptCaches (0ms)
			RebuildScriptCaches (26ms)
			SetupLoadedEditorAssemblies (263ms)
				LogAssemblyErrors (0ms)
				InitializePlatformSupportModulesInManaged (8ms)
				SetLoadedEditorAssemblies (0ms)
				RefreshPlugins (76ms)
				BeforeProcessingInitializeOnLoad (1ms)
				ProcessInitializeOnLoadAttributes (130ms)
				ProcessInitializeOnLoadMethodAttributes (47ms)
				AfterProcessingInitializeOnLoad (0ms)
				EditorAssembliesLoaded (0ms)
			ExecutionOrderSort2 (0ms)
			AwakeInstancesAfterBackupRestoration (0ms)
Platform modules already initialized, skipping
Registering precompiled user dll's ...
Registered in 0.006261 seconds.
Begin MonoManager ReloadAssembly
Symbol file LoadedFromMemory doesn't match image C:\Users\aonde\OneDrive\Masaüstü\BootcampREPO\Hypercasual\Library\PackageCache\com.unity.visualscripting@1.8.0\Editor\VisualScripting.Core\Dependencies\YamlDotNet\Unity.VisualScripting.YamlDotNet.dll
Symbol file LoadedFromMemory doesn't match image C:\Users\aonde\OneDrive\Masaüstü\BootcampREPO\Hypercasual\Library\PackageCache\com.unity.visualscripting@1.8.0\Editor\VisualScripting.Core\Dependencies\DotNetZip\Unity.VisualScripting.IonicZip.dll
Native extension for WindowsStandalone target not found
Refreshing native plugins compatible for Editor in 0.59 ms, found 3 plugins.
Preloading 0 native plugins for Editor in 0.00 ms.
Mono: successfully reloaded assembly
- Completed reload, in  1.068 seconds
Domain Reload Profiling:
	ReloadAssembly (1069ms)
		BeginReloadAssembly (127ms)
			ExecutionOrderSort (0ms)
			DisableScriptedObjects (6ms)
			BackupInstance (0ms)
			ReleaseScriptingObjects (0ms)
			CreateAndSetChildDomain (19ms)
		EndReloadAssembly (827ms)
			LoadAssemblies (100ms)
			RebuildTransferFunctionScriptingTraits (0ms)
			SetupTypeCache (267ms)
			ReleaseScriptCaches (1ms)
			RebuildScriptCaches (53ms)
			SetupLoadedEditorAssemblies (379ms)
				LogAssemblyErrors (0ms)
				InitializePlatformSupportModulesInManaged (6ms)
				SetLoadedEditorAssemblies (0ms)
				RefreshPlugins (1ms)
				BeforeProcessingInitializeOnLoad (82ms)
				ProcessInitializeOnLoadAttributes (257ms)
				ProcessInitializeOnLoadMethodAttributes (23ms)
				AfterProcessingInitializeOnLoad (9ms)
				EditorAssembliesLoaded (0ms)
			ExecutionOrderSort2 (0ms)
			AwakeInstancesAfterBackupRestoration (6ms)
Platform modules already initialized, skipping
========================================================================
Worker process is ready to serve import requests
Launched and connected shader compiler UnityShaderCompiler.exe after 0.08 seconds
Refreshing native plugins compatible for Editor in 0.55 ms, found 3 plugins.
Preloading 0 native plugins for Editor in 0.00 ms.
Unloading 3225 Unused Serialized files (Serialized files now loaded: 0)
Unloading 37 unused Assets / (184.2 KB). Loaded Objects now: 3685.
Memory consumption went from 116.2 MB to 116.0 MB.
Total: 3.084000 ms (FindLiveObjects: 0.298300 ms CreateObjectMapping: 0.079900 ms MarkObjects: 2.584900 ms  DeleteObjects: 0.120000 ms)

AssetImportParameters requested are different than current active one (requested -> active):
  custom:video-decoder-ogg-theora: a1e56fd34408186e4bbccfd4996cb3dc -> 
  custom:container-muxer-webm: aa71ff27fc2769a1b78a27578f13a17b -> 
  custom:container-demuxer-webm: 4f35f7cbe854078d1ac9338744f61a02 -> 
  custom:video-encoder-webm-vp8: eb34c28f22e8b96e1ab97ce403110664 -> 
  custom:video-codec-MediaFoundation-h265: 746d11721c4dcdbdad8f713fa42b33f4 -> 
  custom:audio-encoder-webm-vorbis: bf7c407c2cedff20999df2af8eb42d56 -> 
  custom:framework-win-MediaFoundation: 216162199b28c13a410421893ffa2e32 -> 
  custom:container-demuxer-ogg: 62fdf1f143b41e24485cea50d1cbac27 -> 
  custom:video-decoder-webm-vp8: 9c59270c3fd7afecdb556c50c9e8de78 -> 
  custom:audio-decoder-ogg-vorbis: bf7c407c2cedff20999df2af8eb42d56 -> 
========================================================================
Received Import Request.
  Time since last request: 168464.232709 seconds.
  path: Assets/Assets/Pandazole_Ultimate_Pack/Pandazole Simple Game Pack/Prefabs/Demo
  artifactKey: Guid(c4bf1e1a0dd5c0c4a8332fae0432f5f8) Importer(815301076,1909f56bfc062723c751e8b465ee728b)
Start importing Assets/Assets/Pandazole_Ultimate_Pack/Pandazole Simple Game Pack/Prefabs/Demo using Guid(c4bf1e1a0dd5c0c4a8332fae0432f5f8) Importer(815301076,1909f56bfc062723c751e8b465ee728b)  -> (artifact id: '1cb9ad94db8b332428cd1965bf11c9bb') in 0.016898 seconds 
========================================================================
Received Import Request.
  Time since last request: 0.042247 seconds.
  path: Assets/Assets/Pandazole_Ultimate_Pack/Pandazole Simple Game Pack/Prefabs/Demo/Pandazole Simple Game.prefab
  artifactKey: Guid(86b1803cec22b3a4883ff90604d6f3f7) Importer(815301076,1909f56bfc062723c751e8b465ee728b)
Start importing Assets/Assets/Pandazole_Ultimate_Pack/Pandazole Simple Game Pack/Prefabs/Demo/Pandazole Simple Game.prefab using Guid(86b1803cec22b3a4883ff90604d6f3f7) Importer(815301076,1909f56bfc062723c751e8b465ee728b)  -> (artifact id: 'c5b6ba3afc460c9f4e9e2aa4e0c0532b') in 0.154853 seconds 
========================================================================
Received Import Request.
  Time since last request: 8.092959 seconds.
  path: Assets/Assets/SimpleCollectiblesPack/Prefabs
  artifactKey: Guid(eca31f31c914e0047af3e017ff06f9b7) Importer(815301076,1909f56bfc062723c751e8b465ee728b)
Start importing Assets/Assets/SimpleCollectiblesPack/Prefabs using Guid(eca31f31c914e0047af3e017ff06f9b7) Importer(815301076,1909f56bfc062723c751e8b465ee728b)  -> (artifact id: 'ac7e281b6b35456a6504278662242725') in 0.002364 seconds 
========================================================================
Received Import Request.
  Time since last request: 0.049577 seconds.
  path: Assets/Assets/SimpleCollectiblesPack/Prefabs/BarsOfGold.prefab
  artifactKey: Guid(aa0b611ccd277dd4f9e8ea7b8240c179) Importer(815301076,1909f56bfc062723c751e8b465ee728b)
Start importing Assets/Assets/SimpleCollectiblesPack/Prefabs/BarsOfGold.prefab using Guid(aa0b611ccd277dd4f9e8ea7b8240c179) Importer(815301076,1909f56bfc062723c751e8b465ee728b)  -> (artifact id: '6994dc22f02f7fbf3a5a23873c07f2de') in 0.040844 seconds 
========================================================================
Received Import Request.
  Time since last request: 0.000022 seconds.
  path: Assets/Assets/SimpleCollectiblesPack/Prefabs/NoteDoubleGold.prefab
  artifactKey: Guid(64aab82ac059b3b4e8c99af9d3bf4a26) Importer(815301076,1909f56bfc062723c751e8b465ee728b)
Start importing Assets/Assets/SimpleCollectiblesPack/Prefabs/NoteDoubleGold.prefab using Guid(64aab82ac059b3b4e8c99af9d3bf4a26) Importer(815301076,1909f56bfc062723c751e8b465ee728b)  -> (artifact id: '92bd1d5a69a64b5f30781050c9fafe15') in 0.034382 seconds 
========================================================================
Received Import Request.
  Time since last request: 0.000028 seconds.
  path: Assets/Assets/SimpleCollectiblesPack/Prefabs/NoteSingleGold.prefab
  artifactKey: Guid(2b909adf468138b44b82e38d400e126b) Importer(815301076,1909f56bfc062723c751e8b465ee728b)
Start importing Assets/Assets/SimpleCollectiblesPack/Prefabs/NoteSingleGold.prefab using Guid(2b909adf468138b44b82e38d400e126b) Importer(815301076,1909f56bfc062723c751e8b465ee728b)  -> (artifact id: '84f45b0695799a0e3a9cc36522fbb5b3') in 0.024243 seconds 
========================================================================
Received Import Request.
  Time since last request: 0.000021 seconds.
  path: Assets/Assets/SimpleCollectiblesPack/Prefabs/Gun2.prefab
  artifactKey: Guid(6acc3db960c36484f8e89c31d7a691d8) Importer(815301076,1909f56bfc062723c751e8b465ee728b)
Start importing Assets/Assets/SimpleCollectiblesPack/Prefabs/Gun2.prefab using Guid(6acc3db960c36484f8e89c31d7a691d8) Importer(815301076,1909f56bfc062723c751e8b465ee728b)  -> (artifact id: 'd0c99e02da2f4457ebdf7d9e1fe410d0') in 0.024952 seconds 
========================================================================
Received Import Request.
  Time since last request: 0.000024 seconds.
  path: Assets/Assets/SimpleCollectiblesPack/Prefabs/Gun1.prefab
  artifactKey: Guid(59fd4762fc827164bb3eadbefb882946) Importer(815301076,1909f56bfc062723c751e8b465ee728b)
Start importing Assets/Assets/SimpleCollectiblesPack/Prefabs/Gun1.prefab using Guid(59fd4762fc827164bb3eadbefb882946) Importer(815301076,1909f56bfc062723c751e8b465ee728b)  -> (artifact id: '34eb7aac85e1a371d440d433d6d0e8e2') in 0.024104 seconds 
========================================================================
Received Import Request.
  Time since last request: 0.000036 seconds.
  path: Assets/Assets/SimpleCollectiblesPack/Prefabs/KeySilver.prefab
  artifactKey: Guid(61e7a4d4943a95248a9d88d97d680b61) Importer(815301076,1909f56bfc062723c751e8b465ee728b)
Start importing Assets/Assets/SimpleCollectiblesPack/Prefabs/KeySilver.prefab using Guid(61e7a4d4943a95248a9d88d97d680b61) Importer(815301076,1909f56bfc062723c751e8b465ee728b)  -> (artifact id: '1a3a49a4df892125596b39821acfebf6') in 0.024970 seconds 
========================================================================
Received Import Request.
  Time since last request: 0.000024 seconds.
  path: Assets/Assets/SimpleCollectiblesPack/Prefabs/Ring.prefab
  artifactKey: Guid(a37573ad5d3fb7a47997aadbf0976202) Importer(815301076,1909f56bfc062723c751e8b465ee728b)
Start importing Assets/Assets/SimpleCollectiblesPack/Prefabs/Ring.prefab using Guid(a37573ad5d3fb7a47997aadbf0976202) Importer(815301076,1909f56bfc062723c751e8b465ee728b)  -> (artifact id: '6af4bea27d50e44ae48479b9661163c5') in 0.022652 seconds 
========================================================================
Received Import Request.
  Time since last request: 0.000036 seconds.
  path: Assets/Assets/SimpleCollectiblesPack/Prefabs/CollectEffectSample.prefab
  artifactKey: Guid(a45c51da10cf1a84abc6a99c06951e3f) Importer(815301076,1909f56bfc062723c751e8b465ee728b)
Start importing Assets/Assets/SimpleCollectiblesPack/Prefabs/CollectEffectSample.prefab using Guid(a45c51da10cf1a84abc6a99c06951e3f) Importer(815301076,1909f56bfc062723c751e8b465ee728b)  -> (artifact id: '2a9294dad8a701d152960070e4d46413') in 0.026210 seconds 
Editor requested this worker to shutdown with reason: Scaling down because of idle timeout
AssetImportWorker is now disconnected from the server
Process exiting
Exiting without the bug reporter. Application will terminate with return code 0