Using pre-set license
Built from '2021.3/staging' branch; Version is '2021.3.22f1 (b6c551784ba3) revision 11978065'; Using compiler version '192829333'; Build Type 'Release'
OS: 'Windows 11  (10.0.22621) 64bit Professional' Language: 'tr' Physical Memory: 16309 MB
BatchMode: 1, IsHumanControllingUs: 0, StartBugReporterOnCrash: 0, Is64bit: 1, IsPro: 1

COMMAND LINE ARGUMENTS:
C:\Program Files\Unity\Hub\Editor\2021.3.22f1\Editor\Unity.exe
-adb2
-batchMode
-noUpm
-name
AssetImportWorker1
-projectPath
C:/Users/aonde/OneDrive/Masaüstü/BootcampREPO/Hypercasual
-logFile
Logs/AssetImportWorker1.log
-srvPort
62540
Successfully changed project path to: C:/Users/aonde/OneDrive/Masaüstü/BootcampREPO/Hypercasual
C:/Users/aonde/OneDrive/Masaüstü/BootcampREPO/Hypercasual
[UnityMemory] Configuration Parameters - Can be set up in boot.config
    "memorysetup-bucket-allocator-granularity=16"
    "memorysetup-bucket-allocator-bucket-count=8"
    "memorysetup-bucket-allocator-block-size=33554432"
    "memorysetup-bucket-allocator-block-count=8"
    "memorysetup-main-allocator-block-size=16777216"
    "memorysetup-thread-allocator-block-size=16777216"
    "memorysetup-gfx-main-allocator-block-size=16777216"
    "memorysetup-gfx-thread-allocator-block-size=16777216"
    "memorysetup-cache-allocator-block-size=4194304"
    "memorysetup-typetree-allocator-block-size=2097152"
    "memorysetup-profiler-bucket-allocator-granularity=16"
    "memorysetup-profiler-bucket-allocator-bucket-count=8"
    "memorysetup-profiler-bucket-allocator-block-size=33554432"
    "memorysetup-profiler-bucket-allocator-block-count=8"
    "memorysetup-profiler-allocator-block-size=16777216"
    "memorysetup-profiler-editor-allocator-block-size=1048576"
    "memorysetup-temp-allocator-size-main=16777216"
    "memorysetup-job-temp-allocator-block-size=2097152"
    "memorysetup-job-temp-allocator-block-size-background=1048576"
    "memorysetup-job-temp-allocator-reduction-small-platforms=262144"
    "memorysetup-temp-allocator-size-background-worker=32768"
    "memorysetup-temp-allocator-size-job-worker=262144"
    "memorysetup-temp-allocator-size-preload-manager=33554432"
    "memorysetup-temp-allocator-size-nav-mesh-worker=65536"
    "memorysetup-temp-allocator-size-audio-worker=65536"
    "memorysetup-temp-allocator-size-cloud-worker=32768"
    "memorysetup-temp-allocator-size-gi-baking-worker=262144"
    "memorysetup-temp-allocator-size-gfx=262144"
Player connection [13028] Host "[IP] 192.168.1.4 [Port] 0 [Flags] 2 [Guid] 265457446 [EditorId] 265457446 [Version] 1048832 [Id] WindowsEditor(7,PalamutPC) [Debug] 1 [PackageName] WindowsEditor [ProjectName] Editor" joined multi-casting on [225.0.0.222:54997]...

Player connection [13028] Host "[IP] 192.168.1.4 [Port] 0 [Flags] 2 [Guid] 265457446 [EditorId] 265457446 [Version] 1048832 [Id] WindowsEditor(7,PalamutPC) [Debug] 1 [PackageName] WindowsEditor [ProjectName] Editor" joined alternative multi-casting on [225.0.0.222:34997]...

Refreshing native plugins compatible for Editor in 83.89 ms, found 3 plugins.
Preloading 0 native plugins for Editor in 0.00 ms.
Initialize engine version: 2021.3.22f1 (b6c551784ba3)
[Subsystems] Discovering subsystems at path C:/Program Files/Unity/Hub/Editor/2021.3.22f1/Editor/Data/Resources/UnitySubsystems
[Subsystems] Discovering subsystems at path C:/Users/aonde/OneDrive/Masaüstü/BootcampREPO/Hypercasual/Assets
GfxDevice: creating device client; threaded=0; jobified=0
Direct3D:
    Version:  Direct3D 11.0 [level 11.1]
    Renderer: NVIDIA GeForce RTX 3060 Ti (ID=0x24c9)
    Vendor:   NVIDIA
    VRAM:     8038 MB
    Driver:   31.0.15.3640
Initialize mono
Mono path[0] = 'C:/Program Files/Unity/Hub/Editor/2021.3.22f1/Editor/Data/Managed'
Mono path[1] = 'C:/Program Files/Unity/Hub/Editor/2021.3.22f1/Editor/Data/MonoBleedingEdge/lib/mono/unityjit-win32'
Mono config path = 'C:/Program Files/Unity/Hub/Editor/2021.3.22f1/Editor/Data/MonoBleedingEdge/etc'
Using monoOptions --debugger-agent=transport=dt_socket,embedding=1,server=y,suspend=n,address=127.0.0.1:56208
Begin MonoManager ReloadAssembly
Registering precompiled unity dll's ...
Trying to register platform support module: C:/Program Files/Unity/Hub/Editor/2021.3.22f1/Editor/Data/PlaybackEngines/AndroidPlayer/UnityEditor.Android.Extensions.dll (that doesn't exist). Retrying without overrides.
Platform support module is not available: C:/Program Files/Unity/Hub/Editor/2021.3.22f1/Editor/Data/PlaybackEngines/AndroidPlayer/UnityEditor.Android.Extensions.dll
Register platform support module: C:/Program Files/Unity/Hub/Editor/2021.3.22f1/Editor/Data/PlaybackEngines/WindowsStandaloneSupport/UnityEditor.WindowsStandalone.Extensions.dll
Registered in 0.007030 seconds.
Native extension for WindowsStandalone target not found
Refreshing native plugins compatible for Editor in 81.73 ms, found 3 plugins.
Preloading 0 native plugins for Editor in 0.00 ms.
Mono: successfully reloaded assembly
- Completed reload, in  0.724 seconds
Domain Reload Profiling:
	ReloadAssembly (725ms)
		BeginReloadAssembly (96ms)
			ExecutionOrderSort (0ms)
			DisableScriptedObjects (0ms)
			BackupInstance (0ms)
			ReleaseScriptingObjects (0ms)
			CreateAndSetChildDomain (1ms)
		EndReloadAssembly (510ms)
			LoadAssemblies (93ms)
			RebuildTransferFunctionScriptingTraits (0ms)
			SetupTypeCache (110ms)
			ReleaseScriptCaches (0ms)
			RebuildScriptCaches (27ms)
			SetupLoadedEditorAssemblies (314ms)
				LogAssemblyErrors (0ms)
				InitializePlatformSupportModulesInManaged (8ms)
				SetLoadedEditorAssemblies (0ms)
				RefreshPlugins (82ms)
				BeforeProcessingInitializeOnLoad (2ms)
				ProcessInitializeOnLoadAttributes (162ms)
				ProcessInitializeOnLoadMethodAttributes (61ms)
				AfterProcessingInitializeOnLoad (0ms)
				EditorAssembliesLoaded (0ms)
			ExecutionOrderSort2 (0ms)
			AwakeInstancesAfterBackupRestoration (0ms)
Platform modules already initialized, skipping
Registering precompiled user dll's ...
Registered in 0.006523 seconds.
Begin MonoManager ReloadAssembly
Symbol file LoadedFromMemory doesn't match image C:\Users\aonde\OneDrive\Masaüstü\BootcampREPO\Hypercasual\Library\PackageCache\com.unity.visualscripting@1.8.0\Editor\VisualScripting.Core\Dependencies\YamlDotNet\Unity.VisualScripting.YamlDotNet.dll
Symbol file LoadedFromMemory doesn't match image C:\Users\aonde\OneDrive\Masaüstü\BootcampREPO\Hypercasual\Library\PackageCache\com.unity.visualscripting@1.8.0\Editor\VisualScripting.Core\Dependencies\DotNetZip\Unity.VisualScripting.IonicZip.dll
Native extension for WindowsStandalone target not found
Refreshing native plugins compatible for Editor in 0.68 ms, found 3 plugins.
Preloading 0 native plugins for Editor in 0.00 ms.
Mono: successfully reloaded assembly
- Completed reload, in  1.236 seconds
Domain Reload Profiling:
	ReloadAssembly (1237ms)
		BeginReloadAssembly (149ms)
			ExecutionOrderSort (0ms)
			DisableScriptedObjects (7ms)
			BackupInstance (0ms)
			ReleaseScriptingObjects (0ms)
			CreateAndSetChildDomain (27ms)
		EndReloadAssembly (963ms)
			LoadAssemblies (111ms)
			RebuildTransferFunctionScriptingTraits (0ms)
			SetupTypeCache (289ms)
			ReleaseScriptCaches (1ms)
			RebuildScriptCaches (61ms)
			SetupLoadedEditorAssemblies (476ms)
				LogAssemblyErrors (0ms)
				InitializePlatformSupportModulesInManaged (6ms)
				SetLoadedEditorAssemblies (0ms)
				RefreshPlugins (1ms)
				BeforeProcessingInitializeOnLoad (97ms)
				ProcessInitializeOnLoadAttributes (334ms)
				ProcessInitializeOnLoadMethodAttributes (27ms)
				AfterProcessingInitializeOnLoad (11ms)
				EditorAssembliesLoaded (0ms)
			ExecutionOrderSort2 (0ms)
			AwakeInstancesAfterBackupRestoration (6ms)
Platform modules already initialized, skipping
========================================================================
Worker process is ready to serve import requests
Launched and connected shader compiler UnityShaderCompiler.exe after 0.09 seconds
Refreshing native plugins compatible for Editor in 1.08 ms, found 3 plugins.
Preloading 0 native plugins for Editor in 0.00 ms.
Unloading 3236 Unused Serialized files (Serialized files now loaded: 0)
Unloading 38 unused Assets / (184.4 KB). Loaded Objects now: 3698.
Memory consumption went from 117.0 MB to 116.8 MB.
Total: 3.774200 ms (FindLiveObjects: 0.356000 ms CreateObjectMapping: 0.089500 ms MarkObjects: 3.191300 ms  DeleteObjects: 0.136100 ms)

AssetImportParameters requested are different than current active one (requested -> active):
  custom:video-decoder-ogg-theora: a1e56fd34408186e4bbccfd4996cb3dc -> 
  custom:container-muxer-webm: aa71ff27fc2769a1b78a27578f13a17b -> 
  custom:container-demuxer-webm: 4f35f7cbe854078d1ac9338744f61a02 -> 
  custom:video-encoder-webm-vp8: eb34c28f22e8b96e1ab97ce403110664 -> 
  custom:video-codec-MediaFoundation-h265: 746d11721c4dcdbdad8f713fa42b33f4 -> 
  custom:audio-encoder-webm-vorbis: bf7c407c2cedff20999df2af8eb42d56 -> 
  custom:framework-win-MediaFoundation: 216162199b28c13a410421893ffa2e32 -> 
  custom:container-demuxer-ogg: 62fdf1f143b41e24485cea50d1cbac27 -> 
  custom:video-decoder-webm-vp8: 9c59270c3fd7afecdb556c50c9e8de78 -> 
  custom:audio-decoder-ogg-vorbis: bf7c407c2cedff20999df2af8eb42d56 -> 
========================================================================
Received Prepare
Registering precompiled user dll's ...
Registered in 0.005820 seconds.
Begin MonoManager ReloadAssembly
Symbol file LoadedFromMemory doesn't match image C:\Users\aonde\OneDrive\Masaüstü\BootcampREPO\Hypercasual\Library\PackageCache\com.unity.visualscripting@1.8.0\Editor\VisualScripting.Core\Dependencies\YamlDotNet\Unity.VisualScripting.YamlDotNet.dll
Symbol file LoadedFromMemory doesn't match image C:\Users\aonde\OneDrive\Masaüstü\BootcampREPO\Hypercasual\Library\PackageCache\com.unity.visualscripting@1.8.0\Editor\VisualScripting.Core\Dependencies\DotNetZip\Unity.VisualScripting.IonicZip.dll
Native extension for WindowsStandalone target not found
Refreshing native plugins compatible for Editor in 1.09 ms, found 3 plugins.
Preloading 0 native plugins for Editor in 0.00 ms.
Mono: successfully reloaded assembly
- Completed reload, in  1.119 seconds
Domain Reload Profiling:
	ReloadAssembly (1119ms)
		BeginReloadAssembly (166ms)
			ExecutionOrderSort (0ms)
			DisableScriptedObjects (5ms)
			BackupInstance (0ms)
			ReleaseScriptingObjects (0ms)
			CreateAndSetChildDomain (38ms)
		EndReloadAssembly (838ms)
			LoadAssemblies (110ms)
			RebuildTransferFunctionScriptingTraits (0ms)
			SetupTypeCache (281ms)
			ReleaseScriptCaches (1ms)
			RebuildScriptCaches (43ms)
			SetupLoadedEditorAssemblies (381ms)
				LogAssemblyErrors (0ms)
				InitializePlatformSupportModulesInManaged (6ms)
				SetLoadedEditorAssemblies (1ms)
				RefreshPlugins (1ms)
				BeforeProcessingInitializeOnLoad (81ms)
				ProcessInitializeOnLoadAttributes (262ms)
				ProcessInitializeOnLoadMethodAttributes (20ms)
				AfterProcessingInitializeOnLoad (9ms)
				EditorAssembliesLoaded (0ms)
			ExecutionOrderSort2 (0ms)
			AwakeInstancesAfterBackupRestoration (7ms)
Platform modules already initialized, skipping
Refreshing native plugins compatible for Editor in 2.00 ms, found 3 plugins.
Preloading 0 native plugins for Editor in 0.00 ms.
Unloading 3218 Unused Serialized files (Serialized files now loaded: 0)
Unloading 19 unused Assets / (151.1 KB). Loaded Objects now: 3713.
Memory consumption went from 115.5 MB to 115.3 MB.
Total: 2.886700 ms (FindLiveObjects: 0.255100 ms CreateObjectMapping: 0.072500 ms MarkObjects: 2.453700 ms  DeleteObjects: 0.104500 ms)

AssetImportParameters requested are different than current active one (requested -> active):
  custom:video-decoder-ogg-theora: a1e56fd34408186e4bbccfd4996cb3dc -> 
  custom:container-muxer-webm: aa71ff27fc2769a1b78a27578f13a17b -> 
  custom:container-demuxer-webm: 4f35f7cbe854078d1ac9338744f61a02 -> 
  custom:video-encoder-webm-vp8: eb34c28f22e8b96e1ab97ce403110664 -> 
  custom:video-codec-MediaFoundation-h265: 746d11721c4dcdbdad8f713fa42b33f4 -> 
  custom:audio-encoder-webm-vorbis: bf7c407c2cedff20999df2af8eb42d56 -> 
  custom:framework-win-MediaFoundation: 216162199b28c13a410421893ffa2e32 -> 
  custom:container-demuxer-ogg: 62fdf1f143b41e24485cea50d1cbac27 -> 
  custom:video-decoder-webm-vp8: 9c59270c3fd7afecdb556c50c9e8de78 -> 
  custom:audio-decoder-ogg-vorbis: bf7c407c2cedff20999df2af8eb42d56 -> 
========================================================================
Received Import Request.
  Time since last request: 350748.204226 seconds.
  path: Assets/Assets/Low Poly Free Tree Pack/Models/Tree_01.fbx
  artifactKey: Guid(28e35f3302f22a84894e0863641a18d1) Importer(815301076,1909f56bfc062723c751e8b465ee728b)
Start importing Assets/Assets/Low Poly Free Tree Pack/Models/Tree_01.fbx using Guid(28e35f3302f22a84894e0863641a18d1) Importer(815301076,1909f56bfc062723c751e8b465ee728b)  -> (artifact id: 'b8b1a7fc7bfdd6653012b3cf137c3d73') in 0.227536 seconds 
========================================================================
Received Import Request.
  Time since last request: 0.000036 seconds.
  path: Assets/Assets/Low Poly Free Tree Pack/Models/Tree_04.fbx
  artifactKey: Guid(87dd8dddae61cb84aa9c079aa102baa6) Importer(815301076,1909f56bfc062723c751e8b465ee728b)
Start importing Assets/Assets/Low Poly Free Tree Pack/Models/Tree_04.fbx using Guid(87dd8dddae61cb84aa9c079aa102baa6) Importer(815301076,1909f56bfc062723c751e8b465ee728b)  -> (artifact id: '605c293f1ccb35cd56b8ec99a42c353a') in 0.084315 seconds 
========================================================================
Received Import Request.
  Time since last request: 0.000049 seconds.
  path: Assets/Assets/Low Poly Free Tree Pack/Models/Tree_09.fbx
  artifactKey: Guid(c62c91520e2c6174db5642c1958218d0) Importer(815301076,1909f56bfc062723c751e8b465ee728b)
Start importing Assets/Assets/Low Poly Free Tree Pack/Models/Tree_09.fbx using Guid(c62c91520e2c6174db5642c1958218d0) Importer(815301076,1909f56bfc062723c751e8b465ee728b)  -> (artifact id: 'f3e36e49bd331c64bb97cfaef10060be') in 0.050666 seconds 
========================================================================
Received Import Request.
  Time since last request: 0.000024 seconds.
  path: Assets/Assets/Low Poly Free Tree Pack/Prefabs/Tree_01.prefab
  artifactKey: Guid(699f519cb99e2ce4fb85dc574f9456b1) Importer(815301076,1909f56bfc062723c751e8b465ee728b)
Start importing Assets/Assets/Low Poly Free Tree Pack/Prefabs/Tree_01.prefab using Guid(699f519cb99e2ce4fb85dc574f9456b1) Importer(815301076,1909f56bfc062723c751e8b465ee728b)  -> (artifact id: 'a24dd9c80809726aa30d5f91236a346a') in 0.021462 seconds 
========================================================================
Received Import Request.
  Time since last request: 0.000038 seconds.
  path: Assets/Assets/Low Poly Free Tree Pack/Prefabs/Tree_07.prefab
  artifactKey: Guid(f66d134a419ca76459f0e86f1bc4a770) Importer(815301076,1909f56bfc062723c751e8b465ee728b)
Start importing Assets/Assets/Low Poly Free Tree Pack/Prefabs/Tree_07.prefab using Guid(f66d134a419ca76459f0e86f1bc4a770) Importer(815301076,1909f56bfc062723c751e8b465ee728b)  -> (artifact id: '7d8e0cb88e7980c4efde3ba7b3934f75') in 0.029022 seconds 
========================================================================
Received Import Request.
  Time since last request: 0.000034 seconds.
  path: Assets/Assets/Low Poly Free Tree Pack/Prefabs/Tree_11.prefab
  artifactKey: Guid(83dc20fc8b5488949beb7d022bc1efae) Importer(815301076,1909f56bfc062723c751e8b465ee728b)
Start importing Assets/Assets/Low Poly Free Tree Pack/Prefabs/Tree_11.prefab using Guid(83dc20fc8b5488949beb7d022bc1efae) Importer(815301076,1909f56bfc062723c751e8b465ee728b)  -> (artifact id: '2964b5368ecbfdf6811962e2d2083f62') in 0.026192 seconds 
========================================================================
Received Import Request.
  Time since last request: 0.000030 seconds.
  path: Assets/Assets/Low Poly Free Tree Pack/Models/Tree_02.fbx
  artifactKey: Guid(327b0ab3214f05843b842047112610d2) Importer(815301076,1909f56bfc062723c751e8b465ee728b)
Start importing Assets/Assets/Low Poly Free Tree Pack/Models/Tree_02.fbx using Guid(327b0ab3214f05843b842047112610d2) Importer(815301076,1909f56bfc062723c751e8b465ee728b)  -> (artifact id: 'b913867892dca2a9771a757095a624d2') in 0.045359 seconds 
========================================================================
Received Import Request.
  Time since last request: 0.000037 seconds.
  path: Assets/Assets/Low Poly Free Tree Pack/Prefabs/Tree_06.prefab
  artifactKey: Guid(792cbefb73334814196019fa938da2e1) Importer(815301076,1909f56bfc062723c751e8b465ee728b)
Start importing Assets/Assets/Low Poly Free Tree Pack/Prefabs/Tree_06.prefab using Guid(792cbefb73334814196019fa938da2e1) Importer(815301076,1909f56bfc062723c751e8b465ee728b)  -> (artifact id: '7fa2a3872a69118a6e7c6eccff20c55c') in 0.025679 seconds 
========================================================================
Received Import Request.
  Time since last request: 0.000086 seconds.
  path: Assets/Assets/Low Poly Free Tree Pack/Models/Tree_03.fbx
  artifactKey: Guid(70a19305ce085874a8c6fa1712221352) Importer(815301076,1909f56bfc062723c751e8b465ee728b)
Start importing Assets/Assets/Low Poly Free Tree Pack/Models/Tree_03.fbx using Guid(70a19305ce085874a8c6fa1712221352) Importer(815301076,1909f56bfc062723c751e8b465ee728b)  -> (artifact id: 'ee91c224e596255d5641ccd8cf48815e') in 0.048082 seconds 
========================================================================
Received Import Request.
  Time since last request: 0.000041 seconds.
  path: Assets/Assets/Low Poly Free Tree Pack/Prefabs/Tree_08.prefab
  artifactKey: Guid(fe27f330d8c3a2344968fabcb9ce0cbc) Importer(815301076,1909f56bfc062723c751e8b465ee728b)
Start importing Assets/Assets/Low Poly Free Tree Pack/Prefabs/Tree_08.prefab using Guid(fe27f330d8c3a2344968fabcb9ce0cbc) Importer(815301076,1909f56bfc062723c751e8b465ee728b)  -> (artifact id: '4f8a094c0f8642d920c85f09cb12eb02') in 0.027443 seconds 
========================================================================
Received Import Request.
  Time since last request: 0.000024 seconds.
  path: Assets/Assets/Low Poly Free Tree Pack/Prefabs/Tree_10.prefab
  artifactKey: Guid(f7df15e9afd74ba48ad272901ad99619) Importer(815301076,1909f56bfc062723c751e8b465ee728b)
Start importing Assets/Assets/Low Poly Free Tree Pack/Prefabs/Tree_10.prefab using Guid(f7df15e9afd74ba48ad272901ad99619) Importer(815301076,1909f56bfc062723c751e8b465ee728b)  -> (artifact id: '53edfd0d9fe85edbb5349a7a43b9d38b') in 0.029982 seconds 
========================================================================
Received Import Request.
  Time since last request: 0.000028 seconds.
  path: Assets/Assets/Low Poly Free Tree Pack/Models/Tree_07.fbx
  artifactKey: Guid(961e1194e2764784eb18153e33e1f02f) Importer(815301076,1909f56bfc062723c751e8b465ee728b)
Start importing Assets/Assets/Low Poly Free Tree Pack/Models/Tree_07.fbx using Guid(961e1194e2764784eb18153e33e1f02f) Importer(815301076,1909f56bfc062723c751e8b465ee728b)  -> (artifact id: '683cfbb6e73a095bd29bce9cd7e08fd2') in 0.044260 seconds 
========================================================================
Received Import Request.
  Time since last request: 14.466321 seconds.
  path: Assets/Prefabs/Thief rush.prefab
  artifactKey: Guid(999153256c86f24448df1d1a2ee7239b) Importer(815301076,1909f56bfc062723c751e8b465ee728b)
Start importing Assets/Prefabs/Thief rush.prefab using Guid(999153256c86f24448df1d1a2ee7239b) Importer(815301076,1909f56bfc062723c751e8b465ee728b)  -> (artifact id: 'd6ff5ffbfe7d109ba2d28c306dfc855e') in 0.059065 seconds 
========================================================================
Received Prepare
Registering precompiled user dll's ...
Registered in 0.007801 seconds.
Begin MonoManager ReloadAssembly
Symbol file LoadedFromMemory doesn't match image C:\Users\aonde\OneDrive\Masaüstü\BootcampREPO\Hypercasual\Library\PackageCache\com.unity.visualscripting@1.8.0\Editor\VisualScripting.Core\Dependencies\YamlDotNet\Unity.VisualScripting.YamlDotNet.dll
Symbol file LoadedFromMemory doesn't match image C:\Users\aonde\OneDrive\Masaüstü\BootcampREPO\Hypercasual\Library\PackageCache\com.unity.visualscripting@1.8.0\Editor\VisualScripting.Core\Dependencies\DotNetZip\Unity.VisualScripting.IonicZip.dll
Native extension for WindowsStandalone target not found
Refreshing native plugins compatible for Editor in 1.15 ms, found 3 plugins.
Preloading 0 native plugins for Editor in 0.00 ms.
Mono: successfully reloaded assembly
- Completed reload, in  1.419 seconds
Domain Reload Profiling:
	ReloadAssembly (1420ms)
		BeginReloadAssembly (175ms)
			ExecutionOrderSort (0ms)
			DisableScriptedObjects (6ms)
			BackupInstance (0ms)
			ReleaseScriptingObjects (0ms)
			CreateAndSetChildDomain (43ms)
		EndReloadAssembly (1114ms)
			LoadAssemblies (121ms)
			RebuildTransferFunctionScriptingTraits (0ms)
			SetupTypeCache (399ms)
			ReleaseScriptCaches (1ms)
			RebuildScriptCaches (72ms)
			SetupLoadedEditorAssemblies (471ms)
				LogAssemblyErrors (0ms)
				InitializePlatformSupportModulesInManaged (8ms)
				SetLoadedEditorAssemblies (1ms)
				RefreshPlugins (1ms)
				BeforeProcessingInitializeOnLoad (90ms)
				ProcessInitializeOnLoadAttributes (328ms)
				ProcessInitializeOnLoadMethodAttributes (30ms)
				AfterProcessingInitializeOnLoad (13ms)
				EditorAssembliesLoaded (0ms)
			ExecutionOrderSort2 (0ms)
			AwakeInstancesAfterBackupRestoration (8ms)
Platform modules already initialized, skipping
Refreshing native plugins compatible for Editor in 2.90 ms, found 3 plugins.
Preloading 0 native plugins for Editor in 0.00 ms.
Unloading 3218 Unused Serialized files (Serialized files now loaded: 0)
Unloading 19 unused Assets / (151.1 KB). Loaded Objects now: 3772.
Memory consumption went from 120.3 MB to 120.1 MB.
Total: 4.607700 ms (FindLiveObjects: 0.394200 ms CreateObjectMapping: 0.114600 ms MarkObjects: 3.961700 ms  DeleteObjects: 0.135500 ms)

AssetImportParameters requested are different than current active one (requested -> active):
  custom:video-decoder-ogg-theora: a1e56fd34408186e4bbccfd4996cb3dc -> 
  custom:container-muxer-webm: aa71ff27fc2769a1b78a27578f13a17b -> 
  custom:container-demuxer-webm: 4f35f7cbe854078d1ac9338744f61a02 -> 
  custom:video-encoder-webm-vp8: eb34c28f22e8b96e1ab97ce403110664 -> 
  custom:video-codec-MediaFoundation-h265: 746d11721c4dcdbdad8f713fa42b33f4 -> 
  custom:audio-encoder-webm-vorbis: bf7c407c2cedff20999df2af8eb42d56 -> 
  custom:framework-win-MediaFoundation: 216162199b28c13a410421893ffa2e32 -> 
  custom:container-demuxer-ogg: 62fdf1f143b41e24485cea50d1cbac27 -> 
  custom:video-decoder-webm-vp8: 9c59270c3fd7afecdb556c50c9e8de78 -> 
  custom:audio-decoder-ogg-vorbis: bf7c407c2cedff20999df2af8eb42d56 -> 
Editor requested this worker to shutdown with reason: Scaling down because of idle timeout
AssetImportWorker is now disconnected from the server
Process exiting
Exiting without the bug reporter. Application will terminate with return code 0